                                                                                     [I 2025-04-27 15:03:36,818] Trial 13 finished with value: 0.7011266127895114 and parameters: {'max_depth': 7, 'learning_rate': 0.14440513937474925, 'n_estimators': 458, 'gamma': 1.5064882025522266, 'min_child_weight': 3, 'subsample': 0.9984183033342433, 'colsample_bytree': 0.9591741277547401}. Best is trial 12 with value: 0.7063658919117111.
Best trial: 12. Best value: 0.706366:  43%|####3     | 13/30 [00:19<00:26,  1.57s/it]Best trial: 12. Best value: 0.706366:  43%|####3     | 13/30 [00:19<00:26,  1.57s/it]Best trial: 12. Best value: 0.706366:  47%|####6     | 14/30 [00:19<00:21,  1.33s/it]c:\Users\brizz\AppData\Local\Programs\Python\Python312\Lib\site-packages\xgboost\training.py:183: UserWarning: [15:03:36] WARNING: C:\actions-runner\_work\xgboost\xgboost\src\learner.cc:738: 
Parameters: { "use_label_encoder" } are not used.

  bst.update(dtrain, iteration=i, fobj=obj)
c:\Users\brizz\AppData\Local\Programs\Python\Python312\Lib\site-packages\xgboost\training.py:183: UserWarning: [15:03:37] WARNING: C:\actions-runner\_work\xgboost\xgboost\src\learner.cc:738: 
Parameters: { "use_label_encoder" } are not used.

  bst.update(dtrain, iteration=i, fobj=obj)
c:\Users\brizz\AppData\Local\Programs\Python\Python312\Lib\site-packages\xgboost\training.py:183: UserWarning: [15:03:37] WARNING: C:\actions-runner\_work\xgboost\xgboost\src\learner.cc:738: 
Parameters: { "use_label_encoder" } are not used.

  bst.update(dtrain, iteration=i, fobj=obj)
                                                                                     [I 2025-04-27 15:03:37,911] Trial 14 finished with value: 0.6895471407316135 and parameters: {'max_depth': 6, 'learning_rate': 0.1453065686353838, 'n_estimators': 438, 'gamma': 1.5166498469163074, 'min_child_weight': 1, 'subsample': 0.42908480608683575, 'colsample_bytree': 0.9046311125439552}. Best is trial 12 with value: 0.7063658919117111.
Best trial: 12. Best value: 0.706366:  47%|####6     | 14/30 [00:20<00:21,  1.33s/it]Best trial: 12. Best value: 0.706366:  47%|####6     | 14/30 [00:20<00:21,  1.33s/it]Best trial: 12. Best value: 0.706366:  50%|#####     | 15/30 [00:20<00:18,  1.26s/it]c:\Users\brizz\AppData\Local\Programs\Python\Python312\Lib\site-packages\xgboost\training.py:183: UserWarning: [15:03:37] WARNING: C:\actions-runner\_work\xgboost\xgboost\src\learner.cc:738: 
Parameters: { "use_label_encoder" } are not used.

  bst.update(dtrain, iteration=i, fobj=obj)
c:\Users\brizz\AppData\Local\Programs\Python\Python312\Lib\site-packages\xgboost\training.py:183: UserWarning: [15:03:38] WARNING: C:\actions-runner\_work\xgboost\xgboost\src\learner.cc:738: 
Parameters: { "use_label_encoder" } are not used.

  bst.update(dtrain, iteration=i, fobj=obj)
c:\Users\brizz\AppData\Local\Programs\Python\Python312\Lib\site-packages\xgboost\training.py:183: UserWarning: [15:03:38] WARNING: C:\actions-runner\_work\xgboost\xgboost\src\learner.cc:738: 
Parameters: { "use_label_encoder" } are not used.

  bst.update(dtrain, iteration=i, fobj=obj)
                                                                                     [I 2025-04-27 15:03:38,678] Trial 15 finished with value: 0.6956077594174054 and parameters: {'max_depth': 12, 'learning_rate': 0.15038682170854376, 'n_estimators': 442, 'gamma': 1.6130437060923477, 'min_child_weight': 18, 'subsample': 0.7719554102670543, 'colsample_bytree': 0.6009075850753302}. Best is trial 12 with value: 0.7063658919117111.
Best trial: 12. Best value: 0.706366:  50%|#####     | 15/30 [00:21<00:18,  1.26s/it]Best trial: 12. Best value: 0.706366:  50%|#####     | 15/30 [00:21<00:18,  1.26s/it]Best trial: 12. Best value: 0.706366:  53%|#####3    | 16/30 [00:21<00:15,  1.11s/it]c:\Users\brizz\AppData\Local\Programs\Python\Python312\Lib\site-packages\xgboost\training.py:183: UserWarning: [15:03:38] WARNING: C:\actions-runner\_work\xgboost\xgboost\src\learner.cc:738: 
Parameters: { "use_label_encoder" } are not used.

  bst.update(dtrain, iteration=i, fobj=obj)
c:\Users\brizz\AppData\Local\Programs\Python\Python312\Lib\site-packages\xgboost\training.py:183: UserWarning: [15:03:39] WARNING: C:\actions-runner\_work\xgboost\xgboost\src\learner.cc:738: 
Parameters: { "use_label_encoder" } are not used.

  bst.update(dtrain, iteration=i, fobj=obj)
c:\Users\brizz\AppData\Local\Programs\Python\Python312\Lib\site-packages\xgboost\training.py:183: UserWarning: [15:03:39] WARNING: C:\actions-runner\_work\xgboost\xgboost\src\learner.cc:738: 
Parameters: { "use_label_encoder" } are not used.

  bst.update(dtrain, iteration=i, fobj=obj)
                                                                                     [I 2025-04-27 15:03:39,772] Trial 16 finished with value: 0.6978389791926022 and parameters: {'max_depth': 6, 'learning_rate': 0.15832421598830734, 'n_estimators': 497, 'gamma': 1.2511556737655554, 'min_child_weight': 3, 'subsample': 0.991561521636302, 'colsample_bytree': 0.9222647981437655}. Best is trial 12 with value: 0.7063658919117111.
Best trial: 12. Best value: 0.706366:  53%|#####3    | 16/30 [00:22<00:15,  1.11s/it]Best trial: 12. Best value: 0.706366:  53%|#####3    | 16/30 [00:22<00:15,  1.11s/it]Best trial: 12. Best value: 0.706366:  57%|#####6    | 17/30 [00:22<00:14,  1.10s/it]c:\Users\brizz\AppData\Local\Programs\Python\Python312\Lib\site-packages\xgboost\training.py:183: UserWarning: [15:03:39] WARNING: C:\actions-runner\_work\xgboost\xgboost\src\learner.cc:738: 
Parameters: { "use_label_encoder" } are not used.

  bst.update(dtrain, iteration=i, fobj=obj)
c:\Users\brizz\AppData\Local\Programs\Python\Python312\Lib\site-packages\xgboost\training.py:183: UserWarning: [15:03:40] WARNING: C:\actions-runner\_work\xgboost\xgboost\src\learner.cc:738: 
Parameters: { "use_label_encoder" } are not used.

  bst.update(dtrain, iteration=i, fobj=obj)
c:\Users\brizz\AppData\Local\Programs\Python\Python312\Lib\site-packages\xgboost\training.py:183: UserWarning: [15:03:40] WARNING: C:\actions-runner\_work\xgboost\xgboost\src\learner.cc:738: 
Parameters: { "use_label_encoder" } are not used.

  bst.update(dtrain, iteration=i, fobj=obj)
                                                                                     [I 2025-04-27 15:03:41,460] Trial 17 finished with value: 0.7007166805677513 and parameters: {'max_depth': 8, 'learning_rate': 0.12643707668563048, 'n_estimators': 855, 'gamma': 1.7735337893455196, 'min_child_weight': 17, 'subsample': 0.7379667629342802, 'colsample_bytree': 0.8936667383243002}. Best is trial 12 with value: 0.7063658919117111.
Best trial: 12. Best value: 0.706366:  57%|#####6    | 17/30 [00:24<00:14,  1.10s/it]Best trial: 12. Best value: 0.706366:  57%|#####6    | 17/30 [00:24<00:14,  1.10s/it]Best trial: 12. Best value: 0.706366:  60%|######    | 18/30 [00:24<00:15,  1.28s/it]c:\Users\brizz\AppData\Local\Programs\Python\Python312\Lib\site-packages\xgboost\training.py:183: UserWarning: [15:03:41] WARNING: C:\actions-runner\_work\xgboost\xgboost\src\learner.cc:738: 
Parameters: { "use_label_encoder" } are not used.

  bst.update(dtrain, iteration=i, fobj=obj)
c:\Users\brizz\AppData\Local\Programs\Python\Python312\Lib\site-packages\xgboost\training.py:183: UserWarning: [15:03:41] WARNING: C:\actions-runner\_work\xgboost\xgboost\src\learner.cc:738: 
Parameters: { "use_label_encoder" } are not used.

  bst.update(dtrain, iteration=i, fobj=obj)
c:\Users\brizz\AppData\Local\Programs\Python\Python312\Lib\site-packages\xgboost\training.py:183: UserWarning: [15:03:41] WARNING: C:\actions-runner\_work\xgboost\xgboost\src\learner.cc:738: 
Parameters: { "use_label_encoder" } are not used.

  bst.update(dtrain, iteration=i, fobj=obj)
                                                                                     [I 2025-04-27 15:03:42,203] Trial 18 finished with value: 0.7005379947300803 and parameters: {'max_depth': 6, 'learning_rate': 0.16681513182460636, 'n_estimators': 314, 'gamma': 0.9636450100663241, 'min_child_weight': 22, 'subsample': 0.8976496516208552, 'colsample_bytree': 0.6403808569254146}. Best is trial 12 with value: 0.7063658919117111.
Best trial: 12. Best value: 0.706366:  60%|######    | 18/30 [00:24<00:15,  1.28s/it]Best trial: 12. Best value: 0.706366:  60%|######    | 18/30 [00:24<00:15,  1.28s/it]Best trial: 12. Best value: 0.706366:  63%|######3   | 19/30 [00:24<00:12,  1.12s/it]c:\Users\brizz\AppData\Local\Programs\Python\Python312\Lib\site-packages\xgboost\training.py:183: UserWarning: [15:03:42] WARNING: C:\actions-runner\_work\xgboost\xgboost\src\learner.cc:738: 
Parameters: { "use_label_encoder" } are not used.

  bst.update(dtrain, iteration=i, fobj=obj)
c:\Users\brizz\AppData\Local\Programs\Python\Python312\Lib\site-packages\xgboost\training.py:183: UserWarning: [15:03:43] WARNING: C:\actions-runner\_work\xgboost\xgboost\src\learner.cc:738: 
Parameters: { "use_label_encoder" } are not used.

  bst.update(dtrain, iteration=i, fobj=obj)
c:\Users\brizz\AppData\Local\Programs\Python\Python312\Lib\site-packages\xgboost\training.py:183: UserWarning: [15:03:43] WARNING: C:\actions-runner\_work\xgboost\xgboost\src\learner.cc:738: 
Parameters: { "use_label_encoder" } are not used.

  bst.update(dtrain, iteration=i, fobj=obj)
                                                                                     [I 2025-04-27 15:03:44,365] Trial 19 finished with value: 0.6984470024707378 and parameters: {'max_depth': 8, 'learning_rate': 0.12887170980403717, 'n_estimators': 1411, 'gamma': 2.0536965077692595, 'min_child_weight': 12, 'subsample': 0.9077132910660878, 'colsample_bytree': 0.7853677311902251}. Best is trial 12 with value: 0.7063658919117111.
Best trial: 12. Best value: 0.706366:  63%|######3   | 19/30 [00:26<00:12,  1.12s/it]Best trial: 12. Best value: 0.706366:  63%|######3   | 19/30 [00:26<00:12,  1.12s/it]Best trial: 12. Best value: 0.706366:  67%|######6   | 20/30 [00:26<00:14,  1.43s/it]c:\Users\brizz\AppData\Local\Programs\Python\Python312\Lib\site-packages\xgboost\training.py:183: UserWarning: [15:03:44] WARNING: C:\actions-runner\_work\xgboost\xgboost\src\learner.cc:738: 
Parameters: { "use_label_encoder" } are not used.

  bst.update(dtrain, iteration=i, fobj=obj)
c:\Users\brizz\AppData\Local\Programs\Python\Python312\Lib\site-packages\xgboost\training.py:183: UserWarning: [15:03:44] WARNING: C:\actions-runner\_work\xgboost\xgboost\src\learner.cc:738: 
Parameters: { "use_label_encoder" } are not used.

  bst.update(dtrain, iteration=i, fobj=obj)
c:\Users\brizz\AppData\Local\Programs\Python\Python312\Lib\site-packages\xgboost\training.py:183: UserWarning: [15:03:45] WARNING: C:\actions-runner\_work\xgboost\xgboost\src\learner.cc:738: 
Parameters: { "use_label_encoder" } are not used.

  bst.update(dtrain, iteration=i, fobj=obj)
                                                                                     [I 2025-04-27 15:03:45,429] Trial 20 finished with value: 0.7035739538877794 and parameters: {'max_depth': 12, 'learning_rate': 0.17480041942546537, 'n_estimators': 557, 'gamma': 0.7583099089313754, 'min_child_weight': 4, 'subsample': 0.9411776455749477, 'colsample_bytree': 0.8866935803542434}. Best is trial 12 with value: 0.7063658919117111.
Best trial: 12. Best value: 0.706366:  67%|######6   | 20/30 [00:27<00:14,  1.43s/it]Best trial: 12. Best value: 0.706366:  67%|######6   | 20/30 [00:27<00:14,  1.43s/it]Best trial: 12. Best value: 0.706366:  70%|#######   | 21/30 [00:27<00:11,  1.32s/it]c:\Users\brizz\AppData\Local\Programs\Python\Python312\Lib\site-packages\xgboost\training.py:183: UserWarning: [15:03:45] WARNING: C:\actions-runner\_work\xgboost\xgboost\src\learner.cc:738: 
Parameters: { "use_label_encoder" } are not used.

  bst.update(dtrain, iteration=i, fobj=obj)
c:\Users\brizz\AppData\Local\Programs\Python\Python312\Lib\site-packages\xgboost\training.py:183: UserWarning: [15:03:45] WARNING: C:\actions-runner\_work\xgboost\xgboost\src\learner.cc:738: 
Parameters: { "use_label_encoder" } are not used.

  bst.update(dtrain, iteration=i, fobj=obj)
c:\Users\brizz\AppData\Local\Programs\Python\Python312\Lib\site-packages\xgboost\training.py:183: UserWarning: [15:03:46] WARNING: C:\actions-runner\_work\xgboost\xgboost\src\learner.cc:738: 
Parameters: { "use_label_encoder" } are not used.

  bst.update(dtrain, iteration=i, fobj=obj)
                                                                                     [I 2025-04-27 15:03:46,312] Trial 21 finished with value: 0.7068101734958577 and parameters: {'max_depth': 11, 'learning_rate': 0.1704652303256462, 'n_estimators': 542, 'gamma': 0.9572454224852166, 'min_child_weight': 3, 'subsample': 0.9445756266377541, 'colsample_bytree': 0.8754116315336201}. Best is trial 21 with value: 0.7068101734958577.
Best trial: 12. Best value: 0.706366:  70%|#######   | 21/30 [00:28<00:11,  1.32s/it]Best trial: 21. Best value: 0.70681:  70%|#######   | 21/30 [00:28<00:11,  1.32s/it] Best trial: 21. Best value: 0.70681:  73%|#######3  | 22/30 [00:28<00:09,  1.19s/it]c:\Users\brizz\AppData\Local\Programs\Python\Python312\Lib\site-packages\xgboost\training.py:183: UserWarning: [15:03:46] WARNING: C:\actions-runner\_work\xgboost\xgboost\src\learner.cc:738: 
Parameters: { "use_label_encoder" } are not used.

  bst.update(dtrain, iteration=i, fobj=obj)
c:\Users\brizz\AppData\Local\Programs\Python\Python312\Lib\site-packages\xgboost\training.py:183: UserWarning: [15:03:46] WARNING: C:\actions-runner\_work\xgboost\xgboost\src\learner.cc:738: 
Parameters: { "use_label_encoder" } are not used.

  bst.update(dtrain, iteration=i, fobj=obj)
c:\Users\brizz\AppData\Local\Programs\Python\Python312\Lib\site-packages\xgboost\training.py:183: UserWarning: [15:03:47] WARNING: C:\actions-runner\_work\xgboost\xgboost\src\learner.cc:738: 
Parameters: { "use_label_encoder" } are not used.

  bst.update(dtrain, iteration=i, fobj=obj)
                                                                                    [I 2025-04-27 15:03:47,328] Trial 22 finished with value: 0.7001117464215071 and parameters: {'max_depth': 12, 'learning_rate': 0.17631679924572927, 'n_estimators': 586, 'gamma': 0.7474414470684985, 'min_child_weight': 12, 'subsample': 0.9298603463976756, 'colsample_bytree': 0.8662643201453004}. Best is trial 21 with value: 0.7068101734958577.
Best trial: 21. Best value: 0.70681:  73%|#######3  | 22/30 [00:29<00:09,  1.19s/it]Best trial: 21. Best value: 0.70681:  73%|#######3  | 22/30 [00:29<00:09,  1.19s/it]Best trial: 21. Best value: 0.70681:  77%|#######6  | 23/30 [00:29<00:07,  1.14s/it]c:\Users\brizz\AppData\Local\Programs\Python\Python312\Lib\site-packages\xgboost\training.py:183: UserWarning: [15:03:47] WARNING: C:\actions-runner\_work\xgboost\xgboost\src\learner.cc:738: 
Parameters: { "use_label_encoder" } are not used.

  bst.update(dtrain, iteration=i, fobj=obj)
c:\Users\brizz\AppData\Local\Programs\Python\Python312\Lib\site-packages\xgboost\training.py:183: UserWarning: [15:03:47] WARNING: C:\actions-runner\_work\xgboost\xgboost\src\learner.cc:738: 
Parameters: { "use_label_encoder" } are not used.

  bst.update(dtrain, iteration=i, fobj=obj)
c:\Users\brizz\AppData\Local\Programs\Python\Python312\Lib\site-packages\xgboost\training.py:183: UserWarning: [15:03:48] WARNING: C:\actions-runner\_work\xgboost\xgboost\src\learner.cc:738: 
Parameters: { "use_label_encoder" } are not used.

  bst.update(dtrain, iteration=i, fobj=obj)
                                                                                    [I 2025-04-27 15:03:48,601] Trial 23 finished with value: 0.702611005602837 and parameters: {'max_depth': 11, 'learning_rate': 0.1616621916679748, 'n_estimators': 785, 'gamma': 0.6898180407552158, 'min_child_weight': 6, 'subsample': 0.8662344268593412, 'colsample_bytree': 0.9267674368666778}. Best is trial 21 with value: 0.7068101734958577.
Best trial: 21. Best value: 0.70681:  77%|#######6  | 23/30 [00:31<00:07,  1.14s/it]Best trial: 21. Best value: 0.70681:  77%|#######6  | 23/30 [00:31<00:07,  1.14s/it]Best trial: 21. Best value: 0.70681:  80%|########  | 24/30 [00:31<00:07,  1.18s/it]c:\Users\brizz\AppData\Local\Programs\Python\Python312\Lib\site-packages\xgboost\training.py:183: UserWarning: [15:03:48] WARNING: C:\actions-runner\_work\xgboost\xgboost\src\learner.cc:738: 
Parameters: { "use_label_encoder" } are not used.

  bst.update(dtrain, iteration=i, fobj=obj)
c:\Users\brizz\AppData\Local\Programs\Python\Python312\Lib\site-packages\xgboost\training.py:183: UserWarning: [15:03:48] WARNING: C:\actions-runner\_work\xgboost\xgboost\src\learner.cc:738: 
Parameters: { "use_label_encoder" } are not used.

  bst.update(dtrain, iteration=i, fobj=obj)
c:\Users\brizz\AppData\Local\Programs\Python\Python312\Lib\site-packages\xgboost\training.py:183: UserWarning: [15:03:49] WARNING: C:\actions-runner\_work\xgboost\xgboost\src\learner.cc:738: 
Parameters: { "use_label_encoder" } are not used.

  bst.update(dtrain, iteration=i, fobj=obj)
                                                                                    [I 2025-04-27 15:03:49,277] Trial 24 finished with value: 0.701795770539392 and parameters: {'max_depth': 11, 'learning_rate': 0.1729735737351256, 'n_estimators': 325, 'gamma': 1.175538117591573, 'min_child_weight': 1, 'subsample': 0.7756060723096744, 'colsample_bytree': 0.7788034213345207}. Best is trial 21 with value: 0.7068101734958577.
Best trial: 21. Best value: 0.70681:  80%|########  | 24/30 [00:31<00:07,  1.18s/it]Best trial: 21. Best value: 0.70681:  80%|########  | 24/30 [00:31<00:07,  1.18s/it]Best trial: 21. Best value: 0.70681:  83%|########3 | 25/30 [00:31<00:05,  1.03s/it]c:\Users\brizz\AppData\Local\Programs\Python\Python312\Lib\site-packages\xgboost\training.py:183: UserWarning: [15:03:49] WARNING: C:\actions-runner\_work\xgboost\xgboost\src\learner.cc:738: 
Parameters: { "use_label_encoder" } are not used.

  bst.update(dtrain, iteration=i, fobj=obj)
c:\Users\brizz\AppData\Local\Programs\Python\Python312\Lib\site-packages\xgboost\training.py:183: UserWarning: [15:03:49] WARNING: C:\actions-runner\_work\xgboost\xgboost\src\learner.cc:738: 
Parameters: { "use_label_encoder" } are not used.

  bst.update(dtrain, iteration=i, fobj=obj)
c:\Users\brizz\AppData\Local\Programs\Python\Python312\Lib\site-packages\xgboost\training.py:183: UserWarning: [15:03:50] WARNING: C:\actions-runner\_work\xgboost\xgboost\src\learner.cc:738: 
Parameters: { "use_label_encoder" } are not used.

  bst.update(dtrain, iteration=i, fobj=obj)
                                                                                    [I 2025-04-27 15:03:50,444] Trial 25 finished with value: 0.6950550633787441 and parameters: {'max_depth': 11, 'learning_rate': 0.13637602690082729, 'n_estimators': 562, 'gamma': 0.40147872533427786, 'min_child_weight': 13, 'subsample': 0.9415818993371416, 'colsample_bytree': 0.8742769204956303}. Best is trial 21 with value: 0.7068101734958577.
Best trial: 21. Best value: 0.70681:  83%|########3 | 25/30 [00:32<00:05,  1.03s/it]Best trial: 21. Best value: 0.70681:  83%|########3 | 25/30 [00:32<00:05,  1.03s/it]Best trial: 21. Best value: 0.70681:  87%|########6 | 26/30 [00:32<00:04,  1.07s/it]c:\Users\brizz\AppData\Local\Programs\Python\Python312\Lib\site-packages\xgboost\training.py:183: UserWarning: [15:03:50] WARNING: C:\actions-runner\_work\xgboost\xgboost\src\learner.cc:738: 
Parameters: { "use_label_encoder" } are not used.

  bst.update(dtrain, iteration=i, fobj=obj)
c:\Users\brizz\AppData\Local\Programs\Python\Python312\Lib\site-packages\xgboost\training.py:183: UserWarning: [15:03:50] WARNING: C:\actions-runner\_work\xgboost\xgboost\src\learner.cc:738: 
Parameters: { "use_label_encoder" } are not used.

  bst.update(dtrain, iteration=i, fobj=obj)
c:\Users\brizz\AppData\Local\Programs\Python\Python312\Lib\site-packages\xgboost\training.py:183: UserWarning: [15:03:51] WARNING: C:\actions-runner\_work\xgboost\xgboost\src\learner.cc:738: 
Parameters: { "use_label_encoder" } are not used.

  bst.update(dtrain, iteration=i, fobj=obj)
                                                                                    [I 2025-04-27 15:03:51,854] Trial 26 finished with value: 0.7043251664056273 and parameters: {'max_depth': 9, 'learning_rate': 0.11042684014523532, 'n_estimators': 944, 'gamma': 1.9921275122339626, 'min_child_weight': 5, 'subsample': 0.8020592861365702, 'colsample_bytree': 0.9184584553849184}. Best is trial 21 with value: 0.7068101734958577.
Best trial: 21. Best value: 0.70681:  87%|########6 | 26/30 [00:34<00:04,  1.07s/it]Best trial: 21. Best value: 0.70681:  87%|########6 | 26/30 [00:34<00:04,  1.07s/it]Best trial: 21. Best value: 0.70681:  90%|######### | 27/30 [00:34<00:03,  1.17s/it]c:\Users\brizz\AppData\Local\Programs\Python\Python312\Lib\site-packages\xgboost\training.py:183: UserWarning: [15:03:51] WARNING: C:\actions-runner\_work\xgboost\xgboost\src\learner.cc:738: 
Parameters: { "use_label_encoder" } are not used.

  bst.update(dtrain, iteration=i, fobj=obj)
c:\Users\brizz\AppData\Local\Programs\Python\Python312\Lib\site-packages\xgboost\training.py:183: UserWarning: [15:03:52] WARNING: C:\actions-runner\_work\xgboost\xgboost\src\learner.cc:738: 
Parameters: { "use_label_encoder" } are not used.

  bst.update(dtrain, iteration=i, fobj=obj)
c:\Users\brizz\AppData\Local\Programs\Python\Python312\Lib\site-packages\xgboost\training.py:183: UserWarning: [15:03:52] WARNING: C:\actions-runner\_work\xgboost\xgboost\src\learner.cc:738: 
Parameters: { "use_label_encoder" } are not used.

  bst.update(dtrain, iteration=i, fobj=obj)
