                                                                                    [I 2025-04-27 15:03:53,167] Trial 27 finished with value: 0.6968218955472532 and parameters: {'max_depth': 9, 'learning_rate': 0.10362717201414834, 'n_estimators': 921, 'gamma': 2.194657343236857, 'min_child_weight': 24, 'subsample': 0.8050472794907014, 'colsample_bytree': 0.9507086983664574}. Best is trial 21 with value: 0.7068101734958577.
Best trial: 21. Best value: 0.70681:  90%|######### | 27/30 [00:35<00:03,  1.17s/it]Best trial: 21. Best value: 0.70681:  90%|######### | 27/30 [00:35<00:03,  1.17s/it]Best trial: 21. Best value: 0.70681:  93%|#########3| 28/30 [00:35<00:02,  1.21s/it]c:\Users\brizz\AppData\Local\Programs\Python\Python312\Lib\site-packages\xgboost\training.py:183: UserWarning: [15:03:53] WARNING: C:\actions-runner\_work\xgboost\xgboost\src\learner.cc:738: 
Parameters: { "use_label_encoder" } are not used.

  bst.update(dtrain, iteration=i, fobj=obj)
c:\Users\brizz\AppData\Local\Programs\Python\Python312\Lib\site-packages\xgboost\training.py:183: UserWarning: [15:03:53] WARNING: C:\actions-runner\_work\xgboost\xgboost\src\learner.cc:738: 
Parameters: { "use_label_encoder" } are not used.

  bst.update(dtrain, iteration=i, fobj=obj)
c:\Users\brizz\AppData\Local\Programs\Python\Python312\Lib\site-packages\xgboost\training.py:183: UserWarning: [15:03:54] WARNING: C:\actions-runner\_work\xgboost\xgboost\src\learner.cc:738: 
Parameters: { "use_label_encoder" } are not used.

  bst.update(dtrain, iteration=i, fobj=obj)
                                                                                    [I 2025-04-27 15:03:54,589] Trial 28 finished with value: 0.692159738673361 and parameters: {'max_depth': 9, 'learning_rate': 0.11371850663822132, 'n_estimators': 1005, 'gamma': 1.9256423034652248, 'min_child_weight': 29, 'subsample': 0.8792684896228531, 'colsample_bytree': 0.6605115811508853}. Best is trial 21 with value: 0.7068101734958577.
Best trial: 21. Best value: 0.70681:  93%|#########3| 28/30 [00:37<00:02,  1.21s/it]Best trial: 21. Best value: 0.70681:  93%|#########3| 28/30 [00:37<00:02,  1.21s/it]Best trial: 21. Best value: 0.70681:  97%|#########6| 29/30 [00:37<00:01,  1.28s/it]c:\Users\brizz\AppData\Local\Programs\Python\Python312\Lib\site-packages\xgboost\training.py:183: UserWarning: [15:03:54] WARNING: C:\actions-runner\_work\xgboost\xgboost\src\learner.cc:738: 
Parameters: { "use_label_encoder" } are not used.

  bst.update(dtrain, iteration=i, fobj=obj)
c:\Users\brizz\AppData\Local\Programs\Python\Python312\Lib\site-packages\xgboost\training.py:183: UserWarning: [15:03:54] WARNING: C:\actions-runner\_work\xgboost\xgboost\src\learner.cc:738: 
Parameters: { "use_label_encoder" } are not used.

  bst.update(dtrain, iteration=i, fobj=obj)
c:\Users\brizz\AppData\Local\Programs\Python\Python312\Lib\site-packages\xgboost\training.py:183: UserWarning: [15:03:54] WARNING: C:\actions-runner\_work\xgboost\xgboost\src\learner.cc:738: 
Parameters: { "use_label_encoder" } are not used.

  bst.update(dtrain, iteration=i, fobj=obj)
                                                                                    [I 2025-04-27 15:03:55,010] Trial 29 finished with value: 0.6978786523470771 and parameters: {'max_depth': 8, 'learning_rate': 0.08613058481351978, 'n_estimators': 166, 'gamma': 2.4407748139944685, 'min_child_weight': 10, 'subsample': 0.7066456033371458, 'colsample_bytree': 0.8333147042799036}. Best is trial 21 with value: 0.7068101734958577.
Best trial: 21. Best value: 0.70681:  97%|#########6| 29/30 [00:37<00:01,  1.28s/it]Best trial: 21. Best value: 0.70681:  97%|#########6| 29/30 [00:37<00:01,  1.28s/it]Best trial: 21. Best value: 0.70681: 100%|##########| 30/30 [00:37<00:00,  1.02s/it]Best trial: 21. Best value: 0.70681: 100%|##########| 30/30 [00:37<00:00,  1.25s/it]
