  0%|          | 0/30 [00:00<?, ?it/s]c:\Users\brizz\AppData\Local\Programs\Python\Python312\Lib\site-packages\xgboost\training.py:183: UserWarning: [15:03:17] WARNING: C:\actions-runner\_work\xgboost\xgboost\src\learner.cc:738: 
Parameters: { "use_label_encoder" } are not used.

  bst.update(dtrain, iteration=i, fobj=obj)
c:\Users\brizz\AppData\Local\Programs\Python\Python312\Lib\site-packages\xgboost\training.py:183: UserWarning: [15:03:17] WARNING: C:\actions-runner\_work\xgboost\xgboost\src\learner.cc:738: 
Parameters: { "use_label_encoder" } are not used.

  bst.update(dtrain, iteration=i, fobj=obj)
c:\Users\brizz\AppData\Local\Programs\Python\Python312\Lib\site-packages\xgboost\training.py:183: UserWarning: [15:03:17] WARNING: C:\actions-runner\_work\xgboost\xgboost\src\learner.cc:738: 
Parameters: { "use_label_encoder" } are not used.

  bst.update(dtrain, iteration=i, fobj=obj)
                                      [I 2025-04-27 15:03:18,167] Trial 0 finished with value: 0.6710747155256108 and parameters: {'max_depth': 10, 'learning_rate': 0.03189536929768992, 'n_estimators': 159, 'gamma': 2.8683784973479955, 'min_child_weight': 27, 'subsample': 0.6114017204276123, 'colsample_bytree': 0.838529173011888}. Best is trial 0 with value: 0.6710747155256108.
  0%|          | 0/30 [00:00<?, ?it/s]Best trial: 0. Best value: 0.671075:   0%|          | 0/30 [00:00<?, ?it/s]Best trial: 0. Best value: 0.671075:   3%|3         | 1/30 [00:00<00:20,  1.41it/s]c:\Users\brizz\AppData\Local\Programs\Python\Python312\Lib\site-packages\xgboost\training.py:183: UserWarning: [15:03:18] WARNING: C:\actions-runner\_work\xgboost\xgboost\src\learner.cc:738: 
Parameters: { "use_label_encoder" } are not used.

  bst.update(dtrain, iteration=i, fobj=obj)
c:\Users\brizz\AppData\Local\Programs\Python\Python312\Lib\site-packages\xgboost\training.py:183: UserWarning: [15:03:18] WARNING: C:\actions-runner\_work\xgboost\xgboost\src\learner.cc:738: 
Parameters: { "use_label_encoder" } are not used.

  bst.update(dtrain, iteration=i, fobj=obj)
c:\Users\brizz\AppData\Local\Programs\Python\Python312\Lib\site-packages\xgboost\training.py:183: UserWarning: [15:03:19] WARNING: C:\actions-runner\_work\xgboost\xgboost\src\learner.cc:738: 
Parameters: { "use_label_encoder" } are not used.

  bst.update(dtrain, iteration=i, fobj=obj)
                                                                                   [I 2025-04-27 15:03:19,843] Trial 1 finished with value: 0.6978196099475423 and parameters: {'max_depth': 9, 'learning_rate': 0.1931415047114854, 'n_estimators': 778, 'gamma': 0.8731256390635928, 'min_child_weight': 16, 'subsample': 0.9135468779572333, 'colsample_bytree': 0.8094195683261829}. Best is trial 1 with value: 0.6978196099475423.
Best trial: 0. Best value: 0.671075:   3%|3         | 1/30 [00:02<00:20,  1.41it/s]Best trial: 1. Best value: 0.69782:   3%|3         | 1/30 [00:02<00:20,  1.41it/s] Best trial: 1. Best value: 0.69782:   7%|6         | 2/30 [00:02<00:35,  1.28s/it]c:\Users\brizz\AppData\Local\Programs\Python\Python312\Lib\site-packages\xgboost\training.py:183: UserWarning: [15:03:19] WARNING: C:\actions-runner\_work\xgboost\xgboost\src\learner.cc:738: 
Parameters: { "use_label_encoder" } are not used.

  bst.update(dtrain, iteration=i, fobj=obj)
c:\Users\brizz\AppData\Local\Programs\Python\Python312\Lib\site-packages\xgboost\training.py:183: UserWarning: [15:03:20] WARNING: C:\actions-runner\_work\xgboost\xgboost\src\learner.cc:738: 
Parameters: { "use_label_encoder" } are not used.

  bst.update(dtrain, iteration=i, fobj=obj)
c:\Users\brizz\AppData\Local\Programs\Python\Python312\Lib\site-packages\xgboost\training.py:183: UserWarning: [15:03:20] WARNING: C:\actions-runner\_work\xgboost\xgboost\src\learner.cc:738: 
Parameters: { "use_label_encoder" } are not used.

  bst.update(dtrain, iteration=i, fobj=obj)
                                                                                  [I 2025-04-27 15:03:21,229] Trial 2 finished with value: 0.6823860685592172 and parameters: {'max_depth': 3, 'learning_rate': 0.1049738268711833, 'n_estimators': 956, 'gamma': 3.5894749681363596, 'min_child_weight': 44, 'subsample': 0.8373509856737806, 'colsample_bytree': 0.7273340774738185}. Best is trial 1 with value: 0.6978196099475423.
Best trial: 1. Best value: 0.69782:   7%|6         | 2/30 [00:03<00:35,  1.28s/it]Best trial: 1. Best value: 0.69782:   7%|6         | 2/30 [00:03<00:35,  1.28s/it]Best trial: 1. Best value: 0.69782:  10%|#         | 3/30 [00:03<00:35,  1.33s/it]c:\Users\brizz\AppData\Local\Programs\Python\Python312\Lib\site-packages\xgboost\training.py:183: UserWarning: [15:03:21] WARNING: C:\actions-runner\_work\xgboost\xgboost\src\learner.cc:738: 
Parameters: { "use_label_encoder" } are not used.

  bst.update(dtrain, iteration=i, fobj=obj)
c:\Users\brizz\AppData\Local\Programs\Python\Python312\Lib\site-packages\xgboost\training.py:183: UserWarning: [15:03:21] WARNING: C:\actions-runner\_work\xgboost\xgboost\src\learner.cc:738: 
Parameters: { "use_label_encoder" } are not used.

  bst.update(dtrain, iteration=i, fobj=obj)
c:\Users\brizz\AppData\Local\Programs\Python\Python312\Lib\site-packages\xgboost\training.py:183: UserWarning: [15:03:21] WARNING: C:\actions-runner\_work\xgboost\xgboost\src\learner.cc:738: 
Parameters: { "use_label_encoder" } are not used.

  bst.update(dtrain, iteration=i, fobj=obj)
                                                                                  [I 2025-04-27 15:03:22,081] Trial 3 finished with value: 0.6796929006393997 and parameters: {'max_depth': 4, 'learning_rate': 0.12390723508749099, 'n_estimators': 628, 'gamma': 4.057979633185839, 'min_child_weight': 42, 'subsample': 0.6810563132408685, 'colsample_bytree': 0.7471571074167536}. Best is trial 1 with value: 0.6978196099475423.
Best trial: 1. Best value: 0.69782:  10%|#         | 3/30 [00:04<00:35,  1.33s/it]Best trial: 1. Best value: 0.69782:  10%|#         | 3/30 [00:04<00:35,  1.33s/it]Best trial: 1. Best value: 0.69782:  13%|#3        | 4/30 [00:04<00:29,  1.14s/it]c:\Users\brizz\AppData\Local\Programs\Python\Python312\Lib\site-packages\xgboost\training.py:183: UserWarning: [15:03:22] WARNING: C:\actions-runner\_work\xgboost\xgboost\src\learner.cc:738: 
Parameters: { "use_label_encoder" } are not used.

  bst.update(dtrain, iteration=i, fobj=obj)
c:\Users\brizz\AppData\Local\Programs\Python\Python312\Lib\site-packages\xgboost\training.py:183: UserWarning: [15:03:22] WARNING: C:\actions-runner\_work\xgboost\xgboost\src\learner.cc:738: 
Parameters: { "use_label_encoder" } are not used.

  bst.update(dtrain, iteration=i, fobj=obj)
c:\Users\brizz\AppData\Local\Programs\Python\Python312\Lib\site-packages\xgboost\training.py:183: UserWarning: [15:03:22] WARNING: C:\actions-runner\_work\xgboost\xgboost\src\learner.cc:738: 
Parameters: { "use_label_encoder" } are not used.

  bst.update(dtrain, iteration=i, fobj=obj)
                                                                                  [I 2025-04-27 15:03:22,634] Trial 4 finished with value: 0.666918925222804 and parameters: {'max_depth': 4, 'learning_rate': 0.05081205415735264, 'n_estimators': 331, 'gamma': 4.814597979900929, 'min_child_weight': 47, 'subsample': 0.8566706255563507, 'colsample_bytree': 0.8325172357019424}. Best is trial 1 with value: 0.6978196099475423.
Best trial: 1. Best value: 0.69782:  13%|#3        | 4/30 [00:05<00:29,  1.14s/it]Best trial: 1. Best value: 0.69782:  13%|#3        | 4/30 [00:05<00:29,  1.14s/it]Best trial: 1. Best value: 0.69782:  17%|#6        | 5/30 [00:05<00:23,  1.08it/s]c:\Users\brizz\AppData\Local\Programs\Python\Python312\Lib\site-packages\xgboost\training.py:183: UserWarning: [15:03:22] WARNING: C:\actions-runner\_work\xgboost\xgboost\src\learner.cc:738: 
Parameters: { "use_label_encoder" } are not used.

  bst.update(dtrain, iteration=i, fobj=obj)
c:\Users\brizz\AppData\Local\Programs\Python\Python312\Lib\site-packages\xgboost\training.py:183: UserWarning: [15:03:23] WARNING: C:\actions-runner\_work\xgboost\xgboost\src\learner.cc:738: 
Parameters: { "use_label_encoder" } are not used.

  bst.update(dtrain, iteration=i, fobj=obj)
c:\Users\brizz\AppData\Local\Programs\Python\Python312\Lib\site-packages\xgboost\training.py:183: UserWarning: [15:03:23] WARNING: C:\actions-runner\_work\xgboost\xgboost\src\learner.cc:738: 
Parameters: { "use_label_encoder" } are not used.

  bst.update(dtrain, iteration=i, fobj=obj)
                                                                                  [I 2025-04-27 15:03:24,282] Trial 5 finished with value: 0.6951893674348598 and parameters: {'max_depth': 10, 'learning_rate': 0.0817949489649568, 'n_estimators': 1080, 'gamma': 2.21547105573761, 'min_child_weight': 34, 'subsample': 0.8181577762762775, 'colsample_bytree': 0.5556065363653528}. Best is trial 1 with value: 0.6978196099475423.
Best trial: 1. Best value: 0.69782:  17%|#6        | 5/30 [00:06<00:23,  1.08it/s]Best trial: 1. Best value: 0.69782:  17%|#6        | 5/30 [00:06<00:23,  1.08it/s]Best trial: 1. Best value: 0.69782:  20%|##        | 6/30 [00:06<00:28,  1.17s/it]c:\Users\brizz\AppData\Local\Programs\Python\Python312\Lib\site-packages\xgboost\training.py:183: UserWarning: [15:03:24] WARNING: C:\actions-runner\_work\xgboost\xgboost\src\learner.cc:738: 
Parameters: { "use_label_encoder" } are not used.

  bst.update(dtrain, iteration=i, fobj=obj)
c:\Users\brizz\AppData\Local\Programs\Python\Python312\Lib\site-packages\xgboost\training.py:183: UserWarning: [15:03:24] WARNING: C:\actions-runner\_work\xgboost\xgboost\src\learner.cc:738: 
Parameters: { "use_label_encoder" } are not used.

  bst.update(dtrain, iteration=i, fobj=obj)
c:\Users\brizz\AppData\Local\Programs\Python\Python312\Lib\site-packages\xgboost\training.py:183: UserWarning: [15:03:24] WARNING: C:\actions-runner\_work\xgboost\xgboost\src\learner.cc:738: 
Parameters: { "use_label_encoder" } are not used.

  bst.update(dtrain, iteration=i, fobj=obj)
                                                                                  [I 2025-04-27 15:03:24,640] Trial 6 finished with value: 0.6869360293512393 and parameters: {'max_depth': 4, 'learning_rate': 0.18534657548387165, 'n_estimators': 218, 'gamma': 2.639757769220007, 'min_child_weight': 45, 'subsample': 0.5854540513134271, 'colsample_bytree': 0.9646014399985524}. Best is trial 1 with value: 0.6978196099475423.
Best trial: 1. Best value: 0.69782:  20%|##        | 6/30 [00:07<00:28,  1.17s/it]Best trial: 1. Best value: 0.69782:  20%|##        | 6/30 [00:07<00:28,  1.17s/it]Best trial: 1. Best value: 0.69782:  23%|##3       | 7/30 [00:07<00:20,  1.10it/s]c:\Users\brizz\AppData\Local\Programs\Python\Python312\Lib\site-packages\xgboost\training.py:183: UserWarning: [15:03:24] WARNING: C:\actions-runner\_work\xgboost\xgboost\src\learner.cc:738: 
Parameters: { "use_label_encoder" } are not used.

  bst.update(dtrain, iteration=i, fobj=obj)
c:\Users\brizz\AppData\Local\Programs\Python\Python312\Lib\site-packages\xgboost\training.py:183: UserWarning: [15:03:25] WARNING: C:\actions-runner\_work\xgboost\xgboost\src\learner.cc:738: 
Parameters: { "use_label_encoder" } are not used.

  bst.update(dtrain, iteration=i, fobj=obj)
c:\Users\brizz\AppData\Local\Programs\Python\Python312\Lib\site-packages\xgboost\training.py:183: UserWarning: [15:03:25] WARNING: C:\actions-runner\_work\xgboost\xgboost\src\learner.cc:738: 
Parameters: { "use_label_encoder" } are not used.

  bst.update(dtrain, iteration=i, fobj=obj)
                                                                                  [I 2025-04-27 15:03:26,271] Trial 7 finished with value: 0.6748218537911348 and parameters: {'max_depth': 3, 'learning_rate': 0.023528251891219334, 'n_estimators': 1147, 'gamma': 3.3296960819759014, 'min_child_weight': 48, 'subsample': 0.5239376617046795, 'colsample_bytree': 0.4217651750780385}. Best is trial 1 with value: 0.6978196099475423.
Best trial: 1. Best value: 0.69782:  23%|##3       | 7/30 [00:08<00:20,  1.10it/s]Best trial: 1. Best value: 0.69782:  23%|##3       | 7/30 [00:08<00:20,  1.10it/s]Best trial: 1. Best value: 0.69782:  27%|##6       | 8/30 [00:08<00:25,  1.14s/it]c:\Users\brizz\AppData\Local\Programs\Python\Python312\Lib\site-packages\xgboost\training.py:183: UserWarning: [15:03:26] WARNING: C:\actions-runner\_work\xgboost\xgboost\src\learner.cc:738: 
Parameters: { "use_label_encoder" } are not used.

  bst.update(dtrain, iteration=i, fobj=obj)
c:\Users\brizz\AppData\Local\Programs\Python\Python312\Lib\site-packages\xgboost\training.py:183: UserWarning: [15:03:27] WARNING: C:\actions-runner\_work\xgboost\xgboost\src\learner.cc:738: 
Parameters: { "use_label_encoder" } are not used.

  bst.update(dtrain, iteration=i, fobj=obj)
c:\Users\brizz\AppData\Local\Programs\Python\Python312\Lib\site-packages\xgboost\training.py:183: UserWarning: [15:03:28] WARNING: C:\actions-runner\_work\xgboost\xgboost\src\learner.cc:738: 
Parameters: { "use_label_encoder" } are not used.

  bst.update(dtrain, iteration=i, fobj=obj)
                                                                                  [I 2025-04-27 15:03:29,996] Trial 8 finished with value: 0.6968008297818379 and parameters: {'max_depth': 4, 'learning_rate': 0.09034872320323473, 'n_estimators': 1287, 'gamma': 0.37222828414085196, 'min_child_weight': 8, 'subsample': 0.5954970379297992, 'colsample_bytree': 0.4334482404283051}. Best is trial 1 with value: 0.6978196099475423.
Best trial: 1. Best value: 0.69782:  27%|##6       | 8/30 [00:12<00:25,  1.14s/it]Best trial: 1. Best value: 0.69782:  27%|##6       | 8/30 [00:12<00:25,  1.14s/it]Best trial: 1. Best value: 0.69782:  30%|###       | 9/30 [00:12<00:40,  1.95s/it]c:\Users\brizz\AppData\Local\Programs\Python\Python312\Lib\site-packages\xgboost\training.py:183: UserWarning: [15:03:30] WARNING: C:\actions-runner\_work\xgboost\xgboost\src\learner.cc:738: 
Parameters: { "use_label_encoder" } are not used.

  bst.update(dtrain, iteration=i, fobj=obj)
c:\Users\brizz\AppData\Local\Programs\Python\Python312\Lib\site-packages\xgboost\training.py:183: UserWarning: [15:03:30] WARNING: C:\actions-runner\_work\xgboost\xgboost\src\learner.cc:738: 
Parameters: { "use_label_encoder" } are not used.

  bst.update(dtrain, iteration=i, fobj=obj)
c:\Users\brizz\AppData\Local\Programs\Python\Python312\Lib\site-packages\xgboost\training.py:183: UserWarning: [15:03:31] WARNING: C:\actions-runner\_work\xgboost\xgboost\src\learner.cc:738: 
Parameters: { "use_label_encoder" } are not used.

  bst.update(dtrain, iteration=i, fobj=obj)
                                                                                  [I 2025-04-27 15:03:31,622] Trial 9 finished with value: 0.686879938675011 and parameters: {'max_depth': 10, 'learning_rate': 0.06273138965242236, 'n_estimators': 1126, 'gamma': 2.7980325629335283, 'min_child_weight': 35, 'subsample': 0.6310759776660576, 'colsample_bytree': 0.7055184844092817}. Best is trial 1 with value: 0.6978196099475423.
Best trial: 1. Best value: 0.69782:  30%|###       | 9/30 [00:14<00:40,  1.95s/it]Best trial: 1. Best value: 0.69782:  30%|###       | 9/30 [00:14<00:40,  1.95s/it]Best trial: 1. Best value: 0.69782:  33%|###3      | 10/30 [00:14<00:36,  1.85s/it]c:\Users\brizz\AppData\Local\Programs\Python\Python312\Lib\site-packages\xgboost\training.py:183: UserWarning: [15:03:31] WARNING: C:\actions-runner\_work\xgboost\xgboost\src\learner.cc:738: 
Parameters: { "use_label_encoder" } are not used.

  bst.update(dtrain, iteration=i, fobj=obj)
c:\Users\brizz\AppData\Local\Programs\Python\Python312\Lib\site-packages\xgboost\training.py:183: UserWarning: [15:03:32] WARNING: C:\actions-runner\_work\xgboost\xgboost\src\learner.cc:738: 
Parameters: { "use_label_encoder" } are not used.

  bst.update(dtrain, iteration=i, fobj=obj)
c:\Users\brizz\AppData\Local\Programs\Python\Python312\Lib\site-packages\xgboost\training.py:183: UserWarning: [15:03:32] WARNING: C:\actions-runner\_work\xgboost\xgboost\src\learner.cc:738: 
Parameters: { "use_label_encoder" } are not used.

  bst.update(dtrain, iteration=i, fobj=obj)
                                                                                   [I 2025-04-27 15:03:32,897] Trial 10 finished with value: 0.7003139154312291 and parameters: {'max_depth': 7, 'learning_rate': 0.19440133358682443, 'n_estimators': 670, 'gamma': 0.3224269398899797, 'min_child_weight': 8, 'subsample': 0.9543457450745401, 'colsample_bytree': 0.9925229299186831}. Best is trial 10 with value: 0.7003139154312291.
Best trial: 1. Best value: 0.69782:  33%|###3      | 10/30 [00:15<00:36,  1.85s/it]Best trial: 10. Best value: 0.700314:  33%|###3      | 10/30 [00:15<00:36,  1.85s/it]Best trial: 10. Best value: 0.700314:  37%|###6      | 11/30 [00:15<00:31,  1.67s/it]c:\Users\brizz\AppData\Local\Programs\Python\Python312\Lib\site-packages\xgboost\training.py:183: UserWarning: [15:03:32] WARNING: C:\actions-runner\_work\xgboost\xgboost\src\learner.cc:738: 
Parameters: { "use_label_encoder" } are not used.

  bst.update(dtrain, iteration=i, fobj=obj)
c:\Users\brizz\AppData\Local\Programs\Python\Python312\Lib\site-packages\xgboost\training.py:183: UserWarning: [15:03:33] WARNING: C:\actions-runner\_work\xgboost\xgboost\src\learner.cc:738: 
Parameters: { "use_label_encoder" } are not used.

  bst.update(dtrain, iteration=i, fobj=obj)
c:\Users\brizz\AppData\Local\Programs\Python\Python312\Lib\site-packages\xgboost\training.py:183: UserWarning: [15:03:34] WARNING: C:\actions-runner\_work\xgboost\xgboost\src\learner.cc:738: 
Parameters: { "use_label_encoder" } are not used.

  bst.update(dtrain, iteration=i, fobj=obj)
                                                                                     [I 2025-04-27 15:03:35,090] Trial 11 finished with value: 0.6980527452241073 and parameters: {'max_depth': 7, 'learning_rate': 0.1890663261943033, 'n_estimators': 666, 'gamma': 0.037741787700101836, 'min_child_weight': 9, 'subsample': 0.978685157583516, 'colsample_bytree': 0.9845615299759107}. Best is trial 10 with value: 0.7003139154312291.
Best trial: 10. Best value: 0.700314:  37%|###6      | 11/30 [00:17<00:31,  1.67s/it]Best trial: 10. Best value: 0.700314:  37%|###6      | 11/30 [00:17<00:31,  1.67s/it]Best trial: 10. Best value: 0.700314:  40%|####      | 12/30 [00:17<00:32,  1.83s/it]c:\Users\brizz\AppData\Local\Programs\Python\Python312\Lib\site-packages\xgboost\training.py:183: UserWarning: [15:03:35] WARNING: C:\actions-runner\_work\xgboost\xgboost\src\learner.cc:738: 
Parameters: { "use_label_encoder" } are not used.

  bst.update(dtrain, iteration=i, fobj=obj)
c:\Users\brizz\AppData\Local\Programs\Python\Python312\Lib\site-packages\xgboost\training.py:183: UserWarning: [15:03:35] WARNING: C:\actions-runner\_work\xgboost\xgboost\src\learner.cc:738: 
Parameters: { "use_label_encoder" } are not used.

  bst.update(dtrain, iteration=i, fobj=obj)
c:\Users\brizz\AppData\Local\Programs\Python\Python312\Lib\site-packages\xgboost\training.py:183: UserWarning: [15:03:35] WARNING: C:\actions-runner\_work\xgboost\xgboost\src\learner.cc:738: 
Parameters: { "use_label_encoder" } are not used.

  bst.update(dtrain, iteration=i, fobj=obj)
                                                                                     [I 2025-04-27 15:03:36,052] Trial 12 finished with value: 0.7063658919117111 and parameters: {'max_depth': 7, 'learning_rate': 0.1463487335026995, 'n_estimators': 559, 'gamma': 1.231174787038531, 'min_child_weight': 4, 'subsample': 0.9890801507405623, 'colsample_bytree': 0.989963554423014}. Best is trial 12 with value: 0.7063658919117111.
Best trial: 10. Best value: 0.700314:  40%|####      | 12/30 [00:18<00:32,  1.83s/it]Best trial: 12. Best value: 0.706366:  40%|####      | 12/30 [00:18<00:32,  1.83s/it]Best trial: 12. Best value: 0.706366:  43%|####3     | 13/30 [00:18<00:26,  1.57s/it]c:\Users\brizz\AppData\Local\Programs\Python\Python312\Lib\site-packages\xgboost\training.py:183: UserWarning: [15:03:36] WARNING: C:\actions-runner\_work\xgboost\xgboost\src\learner.cc:738: 
Parameters: { "use_label_encoder" } are not used.

  bst.update(dtrain, iteration=i, fobj=obj)
c:\Users\brizz\AppData\Local\Programs\Python\Python312\Lib\site-packages\xgboost\training.py:183: UserWarning: [15:03:36] WARNING: C:\actions-runner\_work\xgboost\xgboost\src\learner.cc:738: 
Parameters: { "use_label_encoder" } are not used.

  bst.update(dtrain, iteration=i, fobj=obj)
c:\Users\brizz\AppData\Local\Programs\Python\Python312\Lib\site-packages\xgboost\training.py:183: UserWarning: [15:03:36] WARNING: C:\actions-runner\_work\xgboost\xgboost\src\learner.cc:738: 
Parameters: { "use_label_encoder" } are not used.

  bst.update(dtrain, iteration=i, fobj=obj)
