  0%|          | 0/30 [00:00<?, ?it/s]c:\Users\brizz\AppData\Local\Programs\Python\Python312\Lib\site-packages\xgboost\training.py:183: UserWarning: [15:50:44] WARNING: C:\actions-runner\_work\xgboost\xgboost\src\learner.cc:738: 
Parameters: { "use_label_encoder" } are not used.

  bst.update(dtrain, iteration=i, fobj=obj)
c:\Users\brizz\AppData\Local\Programs\Python\Python312\Lib\site-packages\xgboost\training.py:183: UserWarning: [15:50:44] WARNING: C:\actions-runner\_work\xgboost\xgboost\src\learner.cc:738: 
Parameters: { "use_label_encoder" } are not used.

  bst.update(dtrain, iteration=i, fobj=obj)
c:\Users\brizz\AppData\Local\Programs\Python\Python312\Lib\site-packages\xgboost\training.py:183: UserWarning: [15:50:44] WARNING: C:\actions-runner\_work\xgboost\xgboost\src\learner.cc:738: 
Parameters: { "use_label_encoder" } are not used.

  bst.update(dtrain, iteration=i, fobj=obj)
                                      [I 2025-04-27 15:50:44,834] Trial 0 finished with value: 0.6890411922405044 and parameters: {'max_depth': 8, 'learning_rate': 0.1436301432080975, 'n_estimators': 351, 'gamma': 1.744688776863132, 'min_child_weight': 47, 'subsample': 0.815794415552763, 'colsample_bytree': 0.6725123180665198}. Best is trial 0 with value: 0.6890411922405044.
  0%|          | 0/30 [00:00<?, ?it/s]Best trial: 0. Best value: 0.689041:   0%|          | 0/30 [00:00<?, ?it/s]Best trial: 0. Best value: 0.689041:   3%|3         | 1/30 [00:00<00:16,  1.81it/s]c:\Users\brizz\AppData\Local\Programs\Python\Python312\Lib\site-packages\xgboost\training.py:183: UserWarning: [15:50:44] WARNING: C:\actions-runner\_work\xgboost\xgboost\src\learner.cc:738: 
Parameters: { "use_label_encoder" } are not used.

  bst.update(dtrain, iteration=i, fobj=obj)
c:\Users\brizz\AppData\Local\Programs\Python\Python312\Lib\site-packages\xgboost\training.py:183: UserWarning: [15:50:45] WARNING: C:\actions-runner\_work\xgboost\xgboost\src\learner.cc:738: 
Parameters: { "use_label_encoder" } are not used.

  bst.update(dtrain, iteration=i, fobj=obj)
c:\Users\brizz\AppData\Local\Programs\Python\Python312\Lib\site-packages\xgboost\training.py:183: UserWarning: [15:50:45] WARNING: C:\actions-runner\_work\xgboost\xgboost\src\learner.cc:738: 
Parameters: { "use_label_encoder" } are not used.

  bst.update(dtrain, iteration=i, fobj=obj)
                                                                                   [I 2025-04-27 15:50:46,404] Trial 1 finished with value: 0.6855385076528817 and parameters: {'max_depth': 11, 'learning_rate': 0.07661272825657725, 'n_estimators': 1171, 'gamma': 3.6238264833553453, 'min_child_weight': 40, 'subsample': 0.809235256670022, 'colsample_bytree': 0.4502532680005157}. Best is trial 0 with value: 0.6890411922405044.
Best trial: 0. Best value: 0.689041:   3%|3         | 1/30 [00:02<00:16,  1.81it/s]Best trial: 0. Best value: 0.689041:   3%|3         | 1/30 [00:02<00:16,  1.81it/s]Best trial: 0. Best value: 0.689041:   7%|6         | 2/30 [00:02<00:32,  1.15s/it]c:\Users\brizz\AppData\Local\Programs\Python\Python312\Lib\site-packages\xgboost\training.py:183: UserWarning: [15:50:46] WARNING: C:\actions-runner\_work\xgboost\xgboost\src\learner.cc:738: 
Parameters: { "use_label_encoder" } are not used.

  bst.update(dtrain, iteration=i, fobj=obj)
c:\Users\brizz\AppData\Local\Programs\Python\Python312\Lib\site-packages\xgboost\training.py:183: UserWarning: [15:50:46] WARNING: C:\actions-runner\_work\xgboost\xgboost\src\learner.cc:738: 
Parameters: { "use_label_encoder" } are not used.

  bst.update(dtrain, iteration=i, fobj=obj)
c:\Users\brizz\AppData\Local\Programs\Python\Python312\Lib\site-packages\xgboost\training.py:183: UserWarning: [15:50:46] WARNING: C:\actions-runner\_work\xgboost\xgboost\src\learner.cc:738: 
Parameters: { "use_label_encoder" } are not used.

  bst.update(dtrain, iteration=i, fobj=obj)
                                                                                   [I 2025-04-27 15:50:46,707] Trial 2 finished with value: 0.6869715726062523 and parameters: {'max_depth': 12, 'learning_rate': 0.14130871273332124, 'n_estimators': 145, 'gamma': 2.936887632834752, 'min_child_weight': 16, 'subsample': 0.8409840754167504, 'colsample_bytree': 0.9825817998019654}. Best is trial 0 with value: 0.6890411922405044.
Best trial: 0. Best value: 0.689041:   7%|6         | 2/30 [00:02<00:32,  1.15s/it]Best trial: 0. Best value: 0.689041:   7%|6         | 2/30 [00:02<00:32,  1.15s/it]Best trial: 0. Best value: 0.689041:  10%|#         | 3/30 [00:02<00:20,  1.31it/s]c:\Users\brizz\AppData\Local\Programs\Python\Python312\Lib\site-packages\xgboost\training.py:183: UserWarning: [15:50:46] WARNING: C:\actions-runner\_work\xgboost\xgboost\src\learner.cc:738: 
Parameters: { "use_label_encoder" } are not used.

  bst.update(dtrain, iteration=i, fobj=obj)
c:\Users\brizz\AppData\Local\Programs\Python\Python312\Lib\site-packages\xgboost\training.py:183: UserWarning: [15:50:46] WARNING: C:\actions-runner\_work\xgboost\xgboost\src\learner.cc:738: 
Parameters: { "use_label_encoder" } are not used.

  bst.update(dtrain, iteration=i, fobj=obj)
c:\Users\brizz\AppData\Local\Programs\Python\Python312\Lib\site-packages\xgboost\training.py:183: UserWarning: [15:50:47] WARNING: C:\actions-runner\_work\xgboost\xgboost\src\learner.cc:738: 
Parameters: { "use_label_encoder" } are not used.

  bst.update(dtrain, iteration=i, fobj=obj)
                                                                                   [I 2025-04-27 15:50:47,365] Trial 3 finished with value: 0.6999727807985393 and parameters: {'max_depth': 6, 'learning_rate': 0.05361142641342486, 'n_estimators': 163, 'gamma': 0.4858507944975132, 'min_child_weight': 12, 'subsample': 0.595092633339191, 'colsample_bytree': 0.6219632768905402}. Best is trial 3 with value: 0.6999727807985393.
Best trial: 0. Best value: 0.689041:  10%|#         | 3/30 [00:03<00:20,  1.31it/s]Best trial: 3. Best value: 0.699973:  10%|#         | 3/30 [00:03<00:20,  1.31it/s]Best trial: 3. Best value: 0.699973:  13%|#3        | 4/30 [00:03<00:18,  1.39it/s]c:\Users\brizz\AppData\Local\Programs\Python\Python312\Lib\site-packages\xgboost\training.py:183: UserWarning: [15:50:47] WARNING: C:\actions-runner\_work\xgboost\xgboost\src\learner.cc:738: 
Parameters: { "use_label_encoder" } are not used.

  bst.update(dtrain, iteration=i, fobj=obj)
c:\Users\brizz\AppData\Local\Programs\Python\Python312\Lib\site-packages\xgboost\training.py:183: UserWarning: [15:50:47] WARNING: C:\actions-runner\_work\xgboost\xgboost\src\learner.cc:738: 
Parameters: { "use_label_encoder" } are not used.

  bst.update(dtrain, iteration=i, fobj=obj)
c:\Users\brizz\AppData\Local\Programs\Python\Python312\Lib\site-packages\xgboost\training.py:183: UserWarning: [15:50:48] WARNING: C:\actions-runner\_work\xgboost\xgboost\src\learner.cc:738: 
Parameters: { "use_label_encoder" } are not used.

  bst.update(dtrain, iteration=i, fobj=obj)
                                                                                   [I 2025-04-27 15:50:48,608] Trial 4 finished with value: 0.6970607361301399 and parameters: {'max_depth': 11, 'learning_rate': 0.14465168143563994, 'n_estimators': 855, 'gamma': 1.7599365467471668, 'min_child_weight': 16, 'subsample': 0.8399490867124555, 'colsample_bytree': 0.8140112332657813}. Best is trial 3 with value: 0.6999727807985393.
Best trial: 3. Best value: 0.699973:  13%|#3        | 4/30 [00:04<00:18,  1.39it/s]Best trial: 3. Best value: 0.699973:  13%|#3        | 4/30 [00:04<00:18,  1.39it/s]Best trial: 3. Best value: 0.699973:  17%|#6        | 5/30 [00:04<00:22,  1.10it/s]c:\Users\brizz\AppData\Local\Programs\Python\Python312\Lib\site-packages\xgboost\training.py:183: UserWarning: [15:50:48] WARNING: C:\actions-runner\_work\xgboost\xgboost\src\learner.cc:738: 
Parameters: { "use_label_encoder" } are not used.

  bst.update(dtrain, iteration=i, fobj=obj)
c:\Users\brizz\AppData\Local\Programs\Python\Python312\Lib\site-packages\xgboost\training.py:183: UserWarning: [15:50:48] WARNING: C:\actions-runner\_work\xgboost\xgboost\src\learner.cc:738: 
Parameters: { "use_label_encoder" } are not used.

  bst.update(dtrain, iteration=i, fobj=obj)
c:\Users\brizz\AppData\Local\Programs\Python\Python312\Lib\site-packages\xgboost\training.py:183: UserWarning: [15:50:49] WARNING: C:\actions-runner\_work\xgboost\xgboost\src\learner.cc:738: 
Parameters: { "use_label_encoder" } are not used.

  bst.update(dtrain, iteration=i, fobj=obj)
                                                                                   [I 2025-04-27 15:50:49,386] Trial 5 finished with value: 0.6734249549056454 and parameters: {'max_depth': 9, 'learning_rate': 0.12690011830208614, 'n_estimators': 610, 'gamma': 4.8153921174172645, 'min_child_weight': 31, 'subsample': 0.9571675768381467, 'colsample_bytree': 0.45804895787196775}. Best is trial 3 with value: 0.6999727807985393.
Best trial: 3. Best value: 0.699973:  17%|#6        | 5/30 [00:05<00:22,  1.10it/s]Best trial: 3. Best value: 0.699973:  17%|#6        | 5/30 [00:05<00:22,  1.10it/s]Best trial: 3. Best value: 0.699973:  20%|##        | 6/30 [00:05<00:20,  1.16it/s]c:\Users\brizz\AppData\Local\Programs\Python\Python312\Lib\site-packages\xgboost\training.py:183: UserWarning: [15:50:49] WARNING: C:\actions-runner\_work\xgboost\xgboost\src\learner.cc:738: 
Parameters: { "use_label_encoder" } are not used.

  bst.update(dtrain, iteration=i, fobj=obj)
c:\Users\brizz\AppData\Local\Programs\Python\Python312\Lib\site-packages\xgboost\training.py:183: UserWarning: [15:50:49] WARNING: C:\actions-runner\_work\xgboost\xgboost\src\learner.cc:738: 
Parameters: { "use_label_encoder" } are not used.

  bst.update(dtrain, iteration=i, fobj=obj)
c:\Users\brizz\AppData\Local\Programs\Python\Python312\Lib\site-packages\xgboost\training.py:183: UserWarning: [15:50:49] WARNING: C:\actions-runner\_work\xgboost\xgboost\src\learner.cc:738: 
Parameters: { "use_label_encoder" } are not used.

  bst.update(dtrain, iteration=i, fobj=obj)
                                                                                   [I 2025-04-27 15:50:49,835] Trial 6 finished with value: 0.6894511843391359 and parameters: {'max_depth': 3, 'learning_rate': 0.13618769743172152, 'n_estimators': 302, 'gamma': 1.7954845569246602, 'min_child_weight': 35, 'subsample': 0.8998335522142316, 'colsample_bytree': 0.7890143168138875}. Best is trial 3 with value: 0.6999727807985393.
Best trial: 3. Best value: 0.699973:  20%|##        | 6/30 [00:05<00:20,  1.16it/s]Best trial: 3. Best value: 0.699973:  20%|##        | 6/30 [00:05<00:20,  1.16it/s]Best trial: 3. Best value: 0.699973:  23%|##3       | 7/30 [00:05<00:16,  1.37it/s]c:\Users\brizz\AppData\Local\Programs\Python\Python312\Lib\site-packages\xgboost\training.py:183: UserWarning: [15:50:49] WARNING: C:\actions-runner\_work\xgboost\xgboost\src\learner.cc:738: 
Parameters: { "use_label_encoder" } are not used.

  bst.update(dtrain, iteration=i, fobj=obj)
c:\Users\brizz\AppData\Local\Programs\Python\Python312\Lib\site-packages\xgboost\training.py:183: UserWarning: [15:50:50] WARNING: C:\actions-runner\_work\xgboost\xgboost\src\learner.cc:738: 
Parameters: { "use_label_encoder" } are not used.

  bst.update(dtrain, iteration=i, fobj=obj)
c:\Users\brizz\AppData\Local\Programs\Python\Python312\Lib\site-packages\xgboost\training.py:183: UserWarning: [15:50:50] WARNING: C:\actions-runner\_work\xgboost\xgboost\src\learner.cc:738: 
Parameters: { "use_label_encoder" } are not used.

  bst.update(dtrain, iteration=i, fobj=obj)
                                                                                   [I 2025-04-27 15:50:51,437] Trial 7 finished with value: 0.6782797580664218 and parameters: {'max_depth': 7, 'learning_rate': 0.09894247116651071, 'n_estimators': 1222, 'gamma': 4.4377234399049605, 'min_child_weight': 50, 'subsample': 0.8233267043431582, 'colsample_bytree': 0.9971320793486895}. Best is trial 3 with value: 0.6999727807985393.
Best trial: 3. Best value: 0.699973:  23%|##3       | 7/30 [00:07<00:16,  1.37it/s]Best trial: 3. Best value: 0.699973:  23%|##3       | 7/30 [00:07<00:16,  1.37it/s]Best trial: 3. Best value: 0.699973:  27%|##6       | 8/30 [00:07<00:22,  1.01s/it]c:\Users\brizz\AppData\Local\Programs\Python\Python312\Lib\site-packages\xgboost\training.py:183: UserWarning: [15:50:51] WARNING: C:\actions-runner\_work\xgboost\xgboost\src\learner.cc:738: 
Parameters: { "use_label_encoder" } are not used.

  bst.update(dtrain, iteration=i, fobj=obj)
c:\Users\brizz\AppData\Local\Programs\Python\Python312\Lib\site-packages\xgboost\training.py:183: UserWarning: [15:50:51] WARNING: C:\actions-runner\_work\xgboost\xgboost\src\learner.cc:738: 
Parameters: { "use_label_encoder" } are not used.

  bst.update(dtrain, iteration=i, fobj=obj)
c:\Users\brizz\AppData\Local\Programs\Python\Python312\Lib\site-packages\xgboost\training.py:183: UserWarning: [15:50:52] WARNING: C:\actions-runner\_work\xgboost\xgboost\src\learner.cc:738: 
Parameters: { "use_label_encoder" } are not used.

  bst.update(dtrain, iteration=i, fobj=obj)
                                                                                   [I 2025-04-27 15:50:52,269] Trial 8 finished with value: 0.6952708607379786 and parameters: {'max_depth': 8, 'learning_rate': 0.1867009652683948, 'n_estimators': 617, 'gamma': 2.7954595044104513, 'min_child_weight': 10, 'subsample': 0.6590218220656003, 'colsample_bytree': 0.9901145545440522}. Best is trial 3 with value: 0.6999727807985393.
Best trial: 3. Best value: 0.699973:  27%|##6       | 8/30 [00:07<00:22,  1.01s/it]Best trial: 3. Best value: 0.699973:  27%|##6       | 8/30 [00:07<00:22,  1.01s/it]Best trial: 3. Best value: 0.699973:  30%|###       | 9/30 [00:07<00:20,  1.05it/s]c:\Users\brizz\AppData\Local\Programs\Python\Python312\Lib\site-packages\xgboost\training.py:183: UserWarning: [15:50:52] WARNING: C:\actions-runner\_work\xgboost\xgboost\src\learner.cc:738: 
Parameters: { "use_label_encoder" } are not used.

  bst.update(dtrain, iteration=i, fobj=obj)
c:\Users\brizz\AppData\Local\Programs\Python\Python312\Lib\site-packages\xgboost\training.py:183: UserWarning: [15:50:52] WARNING: C:\actions-runner\_work\xgboost\xgboost\src\learner.cc:738: 
Parameters: { "use_label_encoder" } are not used.

  bst.update(dtrain, iteration=i, fobj=obj)
c:\Users\brizz\AppData\Local\Programs\Python\Python312\Lib\site-packages\xgboost\training.py:183: UserWarning: [15:50:52] WARNING: C:\actions-runner\_work\xgboost\xgboost\src\learner.cc:738: 
Parameters: { "use_label_encoder" } are not used.

  bst.update(dtrain, iteration=i, fobj=obj)
                                                                                   [I 2025-04-27 15:50:52,750] Trial 9 finished with value: 0.6924585025477393 and parameters: {'max_depth': 11, 'learning_rate': 0.08334237599645201, 'n_estimators': 179, 'gamma': 2.0030389004971045, 'min_child_weight': 20, 'subsample': 0.6801272611872808, 'colsample_bytree': 0.8119295971697108}. Best is trial 3 with value: 0.6999727807985393.
Best trial: 3. Best value: 0.699973:  30%|###       | 9/30 [00:08<00:20,  1.05it/s]Best trial: 3. Best value: 0.699973:  30%|###       | 9/30 [00:08<00:20,  1.05it/s]Best trial: 3. Best value: 0.699973:  33%|###3      | 10/30 [00:08<00:16,  1.24it/s]c:\Users\brizz\AppData\Local\Programs\Python\Python312\Lib\site-packages\xgboost\training.py:183: UserWarning: [15:50:52] WARNING: C:\actions-runner\_work\xgboost\xgboost\src\learner.cc:738: 
Parameters: { "use_label_encoder" } are not used.

  bst.update(dtrain, iteration=i, fobj=obj)
c:\Users\brizz\AppData\Local\Programs\Python\Python312\Lib\site-packages\xgboost\training.py:183: UserWarning: [15:50:54] WARNING: C:\actions-runner\_work\xgboost\xgboost\src\learner.cc:738: 
Parameters: { "use_label_encoder" } are not used.

  bst.update(dtrain, iteration=i, fobj=obj)
c:\Users\brizz\AppData\Local\Programs\Python\Python312\Lib\site-packages\xgboost\training.py:183: UserWarning: [15:50:56] WARNING: C:\actions-runner\_work\xgboost\xgboost\src\learner.cc:738: 
Parameters: { "use_label_encoder" } are not used.

  bst.update(dtrain, iteration=i, fobj=obj)
                                                                                    [I 2025-04-27 15:50:57,810] Trial 10 finished with value: 0.69238588626192 and parameters: {'max_depth': 5, 'learning_rate': 0.028352741342623847, 'n_estimators': 1443, 'gamma': 0.045108699588236434, 'min_child_weight': 4, 'subsample': 0.47585715254570915, 'colsample_bytree': 0.6015121340695514}. Best is trial 3 with value: 0.6999727807985393.
Best trial: 3. Best value: 0.699973:  33%|###3      | 10/30 [00:13<00:16,  1.24it/s]Best trial: 3. Best value: 0.699973:  33%|###3      | 10/30 [00:13<00:16,  1.24it/s]Best trial: 3. Best value: 0.699973:  37%|###6      | 11/30 [00:13<00:40,  2.11s/it]c:\Users\brizz\AppData\Local\Programs\Python\Python312\Lib\site-packages\xgboost\training.py:183: UserWarning: [15:50:57] WARNING: C:\actions-runner\_work\xgboost\xgboost\src\learner.cc:738: 
Parameters: { "use_label_encoder" } are not used.

  bst.update(dtrain, iteration=i, fobj=obj)
c:\Users\brizz\AppData\Local\Programs\Python\Python312\Lib\site-packages\xgboost\training.py:183: UserWarning: [15:50:58] WARNING: C:\actions-runner\_work\xgboost\xgboost\src\learner.cc:738: 
Parameters: { "use_label_encoder" } are not used.

  bst.update(dtrain, iteration=i, fobj=obj)
c:\Users\brizz\AppData\Local\Programs\Python\Python312\Lib\site-packages\xgboost\training.py:183: UserWarning: [15:50:59] WARNING: C:\actions-runner\_work\xgboost\xgboost\src\learner.cc:738: 
Parameters: { "use_label_encoder" } are not used.

  bst.update(dtrain, iteration=i, fobj=obj)
                                                                                    [I 2025-04-27 15:51:01,014] Trial 11 finished with value: 0.6973862285676141 and parameters: {'max_depth': 6, 'learning_rate': 0.03970619708610165, 'n_estimators': 896, 'gamma': 0.4856773590485275, 'min_child_weight': 22, 'subsample': 0.5570337853765985, 'colsample_bytree': 0.8299273467691493}. Best is trial 3 with value: 0.6999727807985393.
Best trial: 3. Best value: 0.699973:  37%|###6      | 11/30 [00:16<00:40,  2.11s/it]Best trial: 3. Best value: 0.699973:  37%|###6      | 11/30 [00:16<00:40,  2.11s/it]Best trial: 3. Best value: 0.699973:  40%|####      | 12/30 [00:16<00:43,  2.44s/it]c:\Users\brizz\AppData\Local\Programs\Python\Python312\Lib\site-packages\xgboost\training.py:183: UserWarning: [15:51:01] WARNING: C:\actions-runner\_work\xgboost\xgboost\src\learner.cc:738: 
Parameters: { "use_label_encoder" } are not used.

  bst.update(dtrain, iteration=i, fobj=obj)
c:\Users\brizz\AppData\Local\Programs\Python\Python312\Lib\site-packages\xgboost\training.py:183: UserWarning: [15:51:02] WARNING: C:\actions-runner\_work\xgboost\xgboost\src\learner.cc:738: 
Parameters: { "use_label_encoder" } are not used.

  bst.update(dtrain, iteration=i, fobj=obj)
c:\Users\brizz\AppData\Local\Programs\Python\Python312\Lib\site-packages\xgboost\training.py:183: UserWarning: [15:51:02] WARNING: C:\actions-runner\_work\xgboost\xgboost\src\learner.cc:738: 
Parameters: { "use_label_encoder" } are not used.

  bst.update(dtrain, iteration=i, fobj=obj)
                                                                                    [I 2025-04-27 15:51:03,903] Trial 12 finished with value: 0.6964126983651577 and parameters: {'max_depth': 5, 'learning_rate': 0.02844353734300137, 'n_estimators': 895, 'gamma': 0.1721329602165762, 'min_child_weight': 25, 'subsample': 0.5366557561467292, 'colsample_bytree': 0.5767560098897155}. Best is trial 3 with value: 0.6999727807985393.
Best trial: 3. Best value: 0.699973:  40%|####      | 12/30 [00:19<00:43,  2.44s/it]Best trial: 3. Best value: 0.699973:  40%|####      | 12/30 [00:19<00:43,  2.44s/it]Best trial: 3. Best value: 0.699973:  43%|####3     | 13/30 [00:19<00:43,  2.58s/it]c:\Users\brizz\AppData\Local\Programs\Python\Python312\Lib\site-packages\xgboost\training.py:183: UserWarning: [15:51:03] WARNING: C:\actions-runner\_work\xgboost\xgboost\src\learner.cc:738: 
Parameters: { "use_label_encoder" } are not used.

  bst.update(dtrain, iteration=i, fobj=obj)
c:\Users\brizz\AppData\Local\Programs\Python\Python312\Lib\site-packages\xgboost\training.py:183: UserWarning: [15:51:04] WARNING: C:\actions-runner\_work\xgboost\xgboost\src\learner.cc:738: 
Parameters: { "use_label_encoder" } are not used.

  bst.update(dtrain, iteration=i, fobj=obj)
c:\Users\brizz\AppData\Local\Programs\Python\Python312\Lib\site-packages\xgboost\training.py:183: UserWarning: [15:51:04] WARNING: C:\actions-runner\_work\xgboost\xgboost\src\learner.cc:738: 
Parameters: { "use_label_encoder" } are not used.

  bst.update(dtrain, iteration=i, fobj=obj)
