                                                                                    [I 2025-04-27 15:51:05,360] Trial 13 finished with value: 0.7041959781125593 and parameters: {'max_depth': 6, 'learning_rate': 0.06535252612020145, 'n_estimators': 566, 'gamma': 0.8381343548732556, 'min_child_weight': 1, 'subsample': 0.5920740342910046, 'colsample_bytree': 0.7200091919632667}. Best is trial 13 with value: 0.7041959781125593.
Best trial: 3. Best value: 0.699973:  43%|####3     | 13/30 [00:21<00:43,  2.58s/it]Best trial: 13. Best value: 0.704196:  43%|####3     | 13/30 [00:21<00:43,  2.58s/it]Best trial: 13. Best value: 0.704196:  47%|####6     | 14/30 [00:21<00:35,  2.24s/it]c:\Users\brizz\AppData\Local\Programs\Python\Python312\Lib\site-packages\xgboost\training.py:183: UserWarning: [15:51:05] WARNING: C:\actions-runner\_work\xgboost\xgboost\src\learner.cc:738: 
Parameters: { "use_label_encoder" } are not used.

  bst.update(dtrain, iteration=i, fobj=obj)
c:\Users\brizz\AppData\Local\Programs\Python\Python312\Lib\site-packages\xgboost\training.py:183: UserWarning: [15:51:05] WARNING: C:\actions-runner\_work\xgboost\xgboost\src\learner.cc:738: 
Parameters: { "use_label_encoder" } are not used.

  bst.update(dtrain, iteration=i, fobj=obj)
c:\Users\brizz\AppData\Local\Programs\Python\Python312\Lib\site-packages\xgboost\training.py:183: UserWarning: [15:51:06] WARNING: C:\actions-runner\_work\xgboost\xgboost\src\learner.cc:738: 
Parameters: { "use_label_encoder" } are not used.

  bst.update(dtrain, iteration=i, fobj=obj)
                                                                                     [I 2025-04-27 15:51:06,563] Trial 14 finished with value: 0.7043349805256076 and parameters: {'max_depth': 3, 'learning_rate': 0.058594994544966486, 'n_estimators': 512, 'gamma': 0.964095181866045, 'min_child_weight': 1, 'subsample': 0.6090043862015223, 'colsample_bytree': 0.699639914815115}. Best is trial 14 with value: 0.7043349805256076.
Best trial: 13. Best value: 0.704196:  47%|####6     | 14/30 [00:22<00:35,  2.24s/it]Best trial: 14. Best value: 0.704335:  47%|####6     | 14/30 [00:22<00:35,  2.24s/it]Best trial: 14. Best value: 0.704335:  50%|#####     | 15/30 [00:22<00:28,  1.93s/it]c:\Users\brizz\AppData\Local\Programs\Python\Python312\Lib\site-packages\xgboost\training.py:183: UserWarning: [15:51:06] WARNING: C:\actions-runner\_work\xgboost\xgboost\src\learner.cc:738: 
Parameters: { "use_label_encoder" } are not used.

  bst.update(dtrain, iteration=i, fobj=obj)
c:\Users\brizz\AppData\Local\Programs\Python\Python312\Lib\site-packages\xgboost\training.py:183: UserWarning: [15:51:06] WARNING: C:\actions-runner\_work\xgboost\xgboost\src\learner.cc:738: 
Parameters: { "use_label_encoder" } are not used.

  bst.update(dtrain, iteration=i, fobj=obj)
c:\Users\brizz\AppData\Local\Programs\Python\Python312\Lib\site-packages\xgboost\training.py:183: UserWarning: [15:51:07] WARNING: C:\actions-runner\_work\xgboost\xgboost\src\learner.cc:738: 
Parameters: { "use_label_encoder" } are not used.

  bst.update(dtrain, iteration=i, fobj=obj)
                                                                                     [I 2025-04-27 15:51:07,694] Trial 15 finished with value: 0.7115639801192852 and parameters: {'max_depth': 3, 'learning_rate': 0.061687827695399454, 'n_estimators': 573, 'gamma': 1.0423094991202213, 'min_child_weight': 1, 'subsample': 0.7248523338890562, 'colsample_bytree': 0.7272322812627775}. Best is trial 15 with value: 0.7115639801192852.
Best trial: 14. Best value: 0.704335:  50%|#####     | 15/30 [00:23<00:28,  1.93s/it]Best trial: 15. Best value: 0.711564:  50%|#####     | 15/30 [00:23<00:28,  1.93s/it]Best trial: 15. Best value: 0.711564:  53%|#####3    | 16/30 [00:23<00:23,  1.69s/it]c:\Users\brizz\AppData\Local\Programs\Python\Python312\Lib\site-packages\xgboost\training.py:183: UserWarning: [15:51:07] WARNING: C:\actions-runner\_work\xgboost\xgboost\src\learner.cc:738: 
Parameters: { "use_label_encoder" } are not used.

  bst.update(dtrain, iteration=i, fobj=obj)
c:\Users\brizz\AppData\Local\Programs\Python\Python312\Lib\site-packages\xgboost\training.py:183: UserWarning: [15:51:08] WARNING: C:\actions-runner\_work\xgboost\xgboost\src\learner.cc:738: 
Parameters: { "use_label_encoder" } are not used.

  bst.update(dtrain, iteration=i, fobj=obj)
c:\Users\brizz\AppData\Local\Programs\Python\Python312\Lib\site-packages\xgboost\training.py:183: UserWarning: [15:51:08] WARNING: C:\actions-runner\_work\xgboost\xgboost\src\learner.cc:738: 
Parameters: { "use_label_encoder" } are not used.

  bst.update(dtrain, iteration=i, fobj=obj)
                                                                                     [I 2025-04-27 15:51:08,760] Trial 16 finished with value: 0.6941905119909725 and parameters: {'max_depth': 3, 'learning_rate': 0.05375614081710172, 'n_estimators': 440, 'gamma': 1.107841657540391, 'min_child_weight': 6, 'subsample': 0.4166484656550411, 'colsample_bytree': 0.7296157448120799}. Best is trial 15 with value: 0.7115639801192852.
Best trial: 15. Best value: 0.711564:  53%|#####3    | 16/30 [00:24<00:23,  1.69s/it]Best trial: 15. Best value: 0.711564:  53%|#####3    | 16/30 [00:24<00:23,  1.69s/it]Best trial: 15. Best value: 0.711564:  57%|#####6    | 17/30 [00:24<00:19,  1.50s/it]c:\Users\brizz\AppData\Local\Programs\Python\Python312\Lib\site-packages\xgboost\training.py:183: UserWarning: [15:51:08] WARNING: C:\actions-runner\_work\xgboost\xgboost\src\learner.cc:738: 
Parameters: { "use_label_encoder" } are not used.

  bst.update(dtrain, iteration=i, fobj=obj)
c:\Users\brizz\AppData\Local\Programs\Python\Python312\Lib\site-packages\xgboost\training.py:183: UserWarning: [15:51:09] WARNING: C:\actions-runner\_work\xgboost\xgboost\src\learner.cc:738: 
Parameters: { "use_label_encoder" } are not used.

  bst.update(dtrain, iteration=i, fobj=obj)
c:\Users\brizz\AppData\Local\Programs\Python\Python312\Lib\site-packages\xgboost\training.py:183: UserWarning: [15:51:09] WARNING: C:\actions-runner\_work\xgboost\xgboost\src\learner.cc:738: 
Parameters: { "use_label_encoder" } are not used.

  bst.update(dtrain, iteration=i, fobj=obj)
                                                                                     [I 2025-04-27 15:51:09,712] Trial 17 finished with value: 0.7026941667148545 and parameters: {'max_depth': 4, 'learning_rate': 0.10223756941085362, 'n_estimators': 481, 'gamma': 1.1733173396948848, 'min_child_weight': 8, 'subsample': 0.7412937253265324, 'colsample_bytree': 0.9011876424776395}. Best is trial 15 with value: 0.7115639801192852.
Best trial: 15. Best value: 0.711564:  57%|#####6    | 17/30 [00:25<00:19,  1.50s/it]Best trial: 15. Best value: 0.711564:  57%|#####6    | 17/30 [00:25<00:19,  1.50s/it]Best trial: 15. Best value: 0.711564:  60%|######    | 18/30 [00:25<00:16,  1.34s/it]c:\Users\brizz\AppData\Local\Programs\Python\Python312\Lib\site-packages\xgboost\training.py:183: UserWarning: [15:51:09] WARNING: C:\actions-runner\_work\xgboost\xgboost\src\learner.cc:738: 
Parameters: { "use_label_encoder" } are not used.

  bst.update(dtrain, iteration=i, fobj=obj)
c:\Users\brizz\AppData\Local\Programs\Python\Python312\Lib\site-packages\xgboost\training.py:183: UserWarning: [15:51:10] WARNING: C:\actions-runner\_work\xgboost\xgboost\src\learner.cc:738: 
Parameters: { "use_label_encoder" } are not used.

  bst.update(dtrain, iteration=i, fobj=obj)
c:\Users\brizz\AppData\Local\Programs\Python\Python312\Lib\site-packages\xgboost\training.py:183: UserWarning: [15:51:10] WARNING: C:\actions-runner\_work\xgboost\xgboost\src\learner.cc:738: 
Parameters: { "use_label_encoder" } are not used.

  bst.update(dtrain, iteration=i, fobj=obj)
                                                                                     [I 2025-04-27 15:51:11,322] Trial 18 finished with value: 0.6982900736795573 and parameters: {'max_depth': 4, 'learning_rate': 0.014012952085553837, 'n_estimators': 716, 'gamma': 2.2801689883487057, 'min_child_weight': 2, 'subsample': 0.7519476424347432, 'colsample_bytree': 0.5320262137394582}. Best is trial 15 with value: 0.7115639801192852.
Best trial: 15. Best value: 0.711564:  60%|######    | 18/30 [00:27<00:16,  1.34s/it]Best trial: 15. Best value: 0.711564:  60%|######    | 18/30 [00:27<00:16,  1.34s/it]Best trial: 15. Best value: 0.711564:  63%|######3   | 19/30 [00:27<00:15,  1.42s/it]c:\Users\brizz\AppData\Local\Programs\Python\Python312\Lib\site-packages\xgboost\training.py:183: UserWarning: [15:51:11] WARNING: C:\actions-runner\_work\xgboost\xgboost\src\learner.cc:738: 
Parameters: { "use_label_encoder" } are not used.

  bst.update(dtrain, iteration=i, fobj=obj)
c:\Users\brizz\AppData\Local\Programs\Python\Python312\Lib\site-packages\xgboost\training.py:183: UserWarning: [15:51:11] WARNING: C:\actions-runner\_work\xgboost\xgboost\src\learner.cc:738: 
Parameters: { "use_label_encoder" } are not used.

  bst.update(dtrain, iteration=i, fobj=obj)
c:\Users\brizz\AppData\Local\Programs\Python\Python312\Lib\site-packages\xgboost\training.py:183: UserWarning: [15:51:12] WARNING: C:\actions-runner\_work\xgboost\xgboost\src\learner.cc:738: 
Parameters: { "use_label_encoder" } are not used.

  bst.update(dtrain, iteration=i, fobj=obj)
                                                                                     [I 2025-04-27 15:51:13,098] Trial 19 finished with value: 0.7002583250738378 and parameters: {'max_depth': 3, 'learning_rate': 0.08340667036688179, 'n_estimators': 1063, 'gamma': 1.2820202961647695, 'min_child_weight': 12, 'subsample': 0.6284082678377799, 'colsample_bytree': 0.6924096712041444}. Best is trial 15 with value: 0.7115639801192852.
Best trial: 15. Best value: 0.711564:  63%|######3   | 19/30 [00:28<00:15,  1.42s/it]Best trial: 15. Best value: 0.711564:  63%|######3   | 19/30 [00:28<00:15,  1.42s/it]Best trial: 15. Best value: 0.711564:  67%|######6   | 20/30 [00:28<00:15,  1.53s/it]c:\Users\brizz\AppData\Local\Programs\Python\Python312\Lib\site-packages\xgboost\training.py:183: UserWarning: [15:51:13] WARNING: C:\actions-runner\_work\xgboost\xgboost\src\learner.cc:738: 
Parameters: { "use_label_encoder" } are not used.

  bst.update(dtrain, iteration=i, fobj=obj)
c:\Users\brizz\AppData\Local\Programs\Python\Python312\Lib\site-packages\xgboost\training.py:183: UserWarning: [15:51:13] WARNING: C:\actions-runner\_work\xgboost\xgboost\src\learner.cc:738: 
Parameters: { "use_label_encoder" } are not used.

  bst.update(dtrain, iteration=i, fobj=obj)
c:\Users\brizz\AppData\Local\Programs\Python\Python312\Lib\site-packages\xgboost\training.py:183: UserWarning: [15:51:13] WARNING: C:\actions-runner\_work\xgboost\xgboost\src\learner.cc:738: 
Parameters: { "use_label_encoder" } are not used.

  bst.update(dtrain, iteration=i, fobj=obj)
                                                                                     [I 2025-04-27 15:51:14,070] Trial 20 finished with value: 0.6961421911509079 and parameters: {'max_depth': 4, 'learning_rate': 0.1918915946138724, 'n_estimators': 728, 'gamma': 3.2899544088663575, 'min_child_weight': 16, 'subsample': 0.7272100849978138, 'colsample_bytree': 0.8722441271225824}. Best is trial 15 with value: 0.7115639801192852.
Best trial: 15. Best value: 0.711564:  67%|######6   | 20/30 [00:29<00:15,  1.53s/it]Best trial: 15. Best value: 0.711564:  67%|######6   | 20/30 [00:29<00:15,  1.53s/it]Best trial: 15. Best value: 0.711564:  70%|#######   | 21/30 [00:29<00:12,  1.36s/it]c:\Users\brizz\AppData\Local\Programs\Python\Python312\Lib\site-packages\xgboost\training.py:183: UserWarning: [15:51:14] WARNING: C:\actions-runner\_work\xgboost\xgboost\src\learner.cc:738: 
Parameters: { "use_label_encoder" } are not used.

  bst.update(dtrain, iteration=i, fobj=obj)
c:\Users\brizz\AppData\Local\Programs\Python\Python312\Lib\site-packages\xgboost\training.py:183: UserWarning: [15:51:14] WARNING: C:\actions-runner\_work\xgboost\xgboost\src\learner.cc:738: 
Parameters: { "use_label_encoder" } are not used.

  bst.update(dtrain, iteration=i, fobj=obj)
c:\Users\brizz\AppData\Local\Programs\Python\Python312\Lib\site-packages\xgboost\training.py:183: UserWarning: [15:51:15] WARNING: C:\actions-runner\_work\xgboost\xgboost\src\learner.cc:738: 
Parameters: { "use_label_encoder" } are not used.

  bst.update(dtrain, iteration=i, fobj=obj)
                                                                                     [I 2025-04-27 15:51:15,551] Trial 21 finished with value: 0.7016096488892615 and parameters: {'max_depth': 5, 'learning_rate': 0.058390107843360954, 'n_estimators': 537, 'gamma': 0.8658987695322076, 'min_child_weight': 2, 'subsample': 0.5434571079144687, 'colsample_bytree': 0.7447541715631691}. Best is trial 15 with value: 0.7115639801192852.
Best trial: 15. Best value: 0.711564:  70%|#######   | 21/30 [00:31<00:12,  1.36s/it]Best trial: 15. Best value: 0.711564:  70%|#######   | 21/30 [00:31<00:12,  1.36s/it]Best trial: 15. Best value: 0.711564:  73%|#######3  | 22/30 [00:31<00:11,  1.40s/it]c:\Users\brizz\AppData\Local\Programs\Python\Python312\Lib\site-packages\xgboost\training.py:183: UserWarning: [15:51:15] WARNING: C:\actions-runner\_work\xgboost\xgboost\src\learner.cc:738: 
Parameters: { "use_label_encoder" } are not used.

  bst.update(dtrain, iteration=i, fobj=obj)
c:\Users\brizz\AppData\Local\Programs\Python\Python312\Lib\site-packages\xgboost\training.py:183: UserWarning: [15:51:15] WARNING: C:\actions-runner\_work\xgboost\xgboost\src\learner.cc:738: 
Parameters: { "use_label_encoder" } are not used.

  bst.update(dtrain, iteration=i, fobj=obj)
c:\Users\brizz\AppData\Local\Programs\Python\Python312\Lib\site-packages\xgboost\training.py:183: UserWarning: [15:51:16] WARNING: C:\actions-runner\_work\xgboost\xgboost\src\learner.cc:738: 
Parameters: { "use_label_encoder" } are not used.

  bst.update(dtrain, iteration=i, fobj=obj)
                                                                                     [I 2025-04-27 15:51:16,628] Trial 22 finished with value: 0.7037703885802005 and parameters: {'max_depth': 6, 'learning_rate': 0.0689673584613015, 'n_estimators': 353, 'gamma': 0.7019538128337048, 'min_child_weight': 1, 'subsample': 0.6153064423614942, 'colsample_bytree': 0.6495356443417893}. Best is trial 15 with value: 0.7115639801192852.
Best trial: 15. Best value: 0.711564:  73%|#######3  | 22/30 [00:32<00:11,  1.40s/it]Best trial: 15. Best value: 0.711564:  73%|#######3  | 22/30 [00:32<00:11,  1.40s/it]Best trial: 15. Best value: 0.711564:  77%|#######6  | 23/30 [00:32<00:09,  1.30s/it]c:\Users\brizz\AppData\Local\Programs\Python\Python312\Lib\site-packages\xgboost\training.py:183: UserWarning: [15:51:16] WARNING: C:\actions-runner\_work\xgboost\xgboost\src\learner.cc:738: 
Parameters: { "use_label_encoder" } are not used.

  bst.update(dtrain, iteration=i, fobj=obj)
c:\Users\brizz\AppData\Local\Programs\Python\Python312\Lib\site-packages\xgboost\training.py:183: UserWarning: [15:51:17] WARNING: C:\actions-runner\_work\xgboost\xgboost\src\learner.cc:738: 
Parameters: { "use_label_encoder" } are not used.

  bst.update(dtrain, iteration=i, fobj=obj)
c:\Users\brizz\AppData\Local\Programs\Python\Python312\Lib\site-packages\xgboost\training.py:183: UserWarning: [15:51:17] WARNING: C:\actions-runner\_work\xgboost\xgboost\src\learner.cc:738: 
Parameters: { "use_label_encoder" } are not used.

  bst.update(dtrain, iteration=i, fobj=obj)
                                                                                     [I 2025-04-27 15:51:18,068] Trial 23 finished with value: 0.7010364089840002 and parameters: {'max_depth': 3, 'learning_rate': 0.040060084070977664, 'n_estimators': 647, 'gamma': 1.3726266077851657, 'min_child_weight': 7, 'subsample': 0.48925683767090367, 'colsample_bytree': 0.7174843927916384}. Best is trial 15 with value: 0.7115639801192852.
Best trial: 15. Best value: 0.711564:  77%|#######6  | 23/30 [00:33<00:09,  1.30s/it]Best trial: 15. Best value: 0.711564:  77%|#######6  | 23/30 [00:33<00:09,  1.30s/it]Best trial: 15. Best value: 0.711564:  80%|########  | 24/30 [00:33<00:08,  1.34s/it]c:\Users\brizz\AppData\Local\Programs\Python\Python312\Lib\site-packages\xgboost\training.py:183: UserWarning: [15:51:18] WARNING: C:\actions-runner\_work\xgboost\xgboost\src\learner.cc:738: 
Parameters: { "use_label_encoder" } are not used.

  bst.update(dtrain, iteration=i, fobj=obj)
c:\Users\brizz\AppData\Local\Programs\Python\Python312\Lib\site-packages\xgboost\training.py:183: UserWarning: [15:51:18] WARNING: C:\actions-runner\_work\xgboost\xgboost\src\learner.cc:738: 
Parameters: { "use_label_encoder" } are not used.

  bst.update(dtrain, iteration=i, fobj=obj)
c:\Users\brizz\AppData\Local\Programs\Python\Python312\Lib\site-packages\xgboost\training.py:183: UserWarning: [15:51:18] WARNING: C:\actions-runner\_work\xgboost\xgboost\src\learner.cc:738: 
Parameters: { "use_label_encoder" } are not used.

  bst.update(dtrain, iteration=i, fobj=obj)
                                                                                     [I 2025-04-27 15:51:19,084] Trial 24 finished with value: 0.7023249852684459 and parameters: {'max_depth': 9, 'learning_rate': 0.11823202787005158, 'n_estimators': 466, 'gamma': 0.8090801784993391, 'min_child_weight': 1, 'subsample': 0.6810409676141908, 'colsample_bytree': 0.7525185970541602}. Best is trial 15 with value: 0.7115639801192852.
Best trial: 15. Best value: 0.711564:  80%|########  | 24/30 [00:34<00:08,  1.34s/it]Best trial: 15. Best value: 0.711564:  80%|########  | 24/30 [00:34<00:08,  1.34s/it]Best trial: 15. Best value: 0.711564:  83%|########3 | 25/30 [00:34<00:06,  1.24s/it]c:\Users\brizz\AppData\Local\Programs\Python\Python312\Lib\site-packages\xgboost\training.py:183: UserWarning: [15:51:19] WARNING: C:\actions-runner\_work\xgboost\xgboost\src\learner.cc:738: 
Parameters: { "use_label_encoder" } are not used.

  bst.update(dtrain, iteration=i, fobj=obj)
c:\Users\brizz\AppData\Local\Programs\Python\Python312\Lib\site-packages\xgboost\training.py:183: UserWarning: [15:51:19] WARNING: C:\actions-runner\_work\xgboost\xgboost\src\learner.cc:738: 
Parameters: { "use_label_encoder" } are not used.

  bst.update(dtrain, iteration=i, fobj=obj)
c:\Users\brizz\AppData\Local\Programs\Python\Python312\Lib\site-packages\xgboost\training.py:183: UserWarning: [15:51:19] WARNING: C:\actions-runner\_work\xgboost\xgboost\src\learner.cc:738: 
Parameters: { "use_label_encoder" } are not used.

  bst.update(dtrain, iteration=i, fobj=obj)
                                                                                     [I 2025-04-27 15:51:19,603] Trial 25 finished with value: 0.6935301686125298 and parameters: {'max_depth': 4, 'learning_rate': 0.09252937277295653, 'n_estimators': 286, 'gamma': 2.2992508585750393, 'min_child_weight': 6, 'subsample': 0.5938602312930169, 'colsample_bytree': 0.5421271589113846}. Best is trial 15 with value: 0.7115639801192852.
Best trial: 15. Best value: 0.711564:  83%|########3 | 25/30 [00:35<00:06,  1.24s/it]Best trial: 15. Best value: 0.711564:  83%|########3 | 25/30 [00:35<00:06,  1.24s/it]Best trial: 15. Best value: 0.711564:  87%|########6 | 26/30 [00:35<00:04,  1.03s/it]c:\Users\brizz\AppData\Local\Programs\Python\Python312\Lib\site-packages\xgboost\training.py:183: UserWarning: [15:51:19] WARNING: C:\actions-runner\_work\xgboost\xgboost\src\learner.cc:738: 
Parameters: { "use_label_encoder" } are not used.

  bst.update(dtrain, iteration=i, fobj=obj)
c:\Users\brizz\AppData\Local\Programs\Python\Python312\Lib\site-packages\xgboost\training.py:183: UserWarning: [15:51:20] WARNING: C:\actions-runner\_work\xgboost\xgboost\src\learner.cc:738: 
Parameters: { "use_label_encoder" } are not used.

  bst.update(dtrain, iteration=i, fobj=obj)
c:\Users\brizz\AppData\Local\Programs\Python\Python312\Lib\site-packages\xgboost\training.py:183: UserWarning: [15:51:20] WARNING: C:\actions-runner\_work\xgboost\xgboost\src\learner.cc:738: 
Parameters: { "use_label_encoder" } are not used.

  bst.update(dtrain, iteration=i, fobj=obj)
                                                                                     [I 2025-04-27 15:51:20,974] Trial 26 finished with value: 0.7094561266164875 and parameters: {'max_depth': 5, 'learning_rate': 0.06271916578412652, 'n_estimators': 771, 'gamma': 1.4137947758145937, 'min_child_weight': 10, 'subsample': 0.7713345204580082, 'colsample_bytree': 0.6489517139031209}. Best is trial 15 with value: 0.7115639801192852.
Best trial: 15. Best value: 0.711564:  87%|########6 | 26/30 [00:36<00:04,  1.03s/it]Best trial: 15. Best value: 0.711564:  87%|########6 | 26/30 [00:36<00:04,  1.03s/it]Best trial: 15. Best value: 0.711564:  90%|######### | 27/30 [00:36<00:03,  1.13s/it]c:\Users\brizz\AppData\Local\Programs\Python\Python312\Lib\site-packages\xgboost\training.py:183: UserWarning: [15:51:21] WARNING: C:\actions-runner\_work\xgboost\xgboost\src\learner.cc:738: 
Parameters: { "use_label_encoder" } are not used.

  bst.update(dtrain, iteration=i, fobj=obj)
c:\Users\brizz\AppData\Local\Programs\Python\Python312\Lib\site-packages\xgboost\training.py:183: UserWarning: [15:51:21] WARNING: C:\actions-runner\_work\xgboost\xgboost\src\learner.cc:738: 
Parameters: { "use_label_encoder" } are not used.

  bst.update(dtrain, iteration=i, fobj=obj)
c:\Users\brizz\AppData\Local\Programs\Python\Python312\Lib\site-packages\xgboost\training.py:183: UserWarning: [15:51:22] WARNING: C:\actions-runner\_work\xgboost\xgboost\src\learner.cc:738: 
Parameters: { "use_label_encoder" } are not used.

  bst.update(dtrain, iteration=i, fobj=obj)
