                                                                                     [I 2025-04-27 15:51:23,159] Trial 27 finished with value: 0.7008986363184548 and parameters: {'max_depth': 4, 'learning_rate': 0.015070829919960553, 'n_estimators': 1003, 'gamma': 1.6708297918239567, 'min_child_weight': 11, 'subsample': 0.7745126229668184, 'colsample_bytree': 0.645603842783934}. Best is trial 15 with value: 0.7115639801192852.
Best trial: 15. Best value: 0.711564:  90%|######### | 27/30 [00:38<00:03,  1.13s/it]Best trial: 15. Best value: 0.711564:  90%|######### | 27/30 [00:38<00:03,  1.13s/it]Best trial: 15. Best value: 0.711564:  93%|#########3| 28/30 [00:38<00:02,  1.45s/it]c:\Users\brizz\AppData\Local\Programs\Python\Python312\Lib\site-packages\xgboost\training.py:183: UserWarning: [15:51:23] WARNING: C:\actions-runner\_work\xgboost\xgboost\src\learner.cc:738: 
Parameters: { "use_label_encoder" } are not used.

  bst.update(dtrain, iteration=i, fobj=obj)
c:\Users\brizz\AppData\Local\Programs\Python\Python312\Lib\site-packages\xgboost\training.py:183: UserWarning: [15:51:23] WARNING: C:\actions-runner\_work\xgboost\xgboost\src\learner.cc:738: 
Parameters: { "use_label_encoder" } are not used.

  bst.update(dtrain, iteration=i, fobj=obj)
c:\Users\brizz\AppData\Local\Programs\Python\Python312\Lib\site-packages\xgboost\training.py:183: UserWarning: [15:51:24] WARNING: C:\actions-runner\_work\xgboost\xgboost\src\learner.cc:738: 
Parameters: { "use_label_encoder" } are not used.

  bst.update(dtrain, iteration=i, fobj=obj)
                                                                                     [I 2025-04-27 15:51:25,595] Trial 28 finished with value: 0.7020773666352865 and parameters: {'max_depth': 5, 'learning_rate': 0.0420444506805978, 'n_estimators': 770, 'gamma': 0.3639875940782067, 'min_child_weight': 6, 'subsample': 0.7171721048395683, 'colsample_bytree': 0.5333435769345739}. Best is trial 15 with value: 0.7115639801192852.
Best trial: 15. Best value: 0.711564:  93%|#########3| 28/30 [00:41<00:02,  1.45s/it]Best trial: 15. Best value: 0.711564:  93%|#########3| 28/30 [00:41<00:02,  1.45s/it]Best trial: 15. Best value: 0.711564:  97%|#########6| 29/30 [00:41<00:01,  1.74s/it]c:\Users\brizz\AppData\Local\Programs\Python\Python312\Lib\site-packages\xgboost\training.py:183: UserWarning: [15:51:25] WARNING: C:\actions-runner\_work\xgboost\xgboost\src\learner.cc:738: 
Parameters: { "use_label_encoder" } are not used.

  bst.update(dtrain, iteration=i, fobj=obj)
c:\Users\brizz\AppData\Local\Programs\Python\Python312\Lib\site-packages\xgboost\training.py:183: UserWarning: [15:51:25] WARNING: C:\actions-runner\_work\xgboost\xgboost\src\learner.cc:738: 
Parameters: { "use_label_encoder" } are not used.

  bst.update(dtrain, iteration=i, fobj=obj)
c:\Users\brizz\AppData\Local\Programs\Python\Python312\Lib\site-packages\xgboost\training.py:183: UserWarning: [15:51:25] WARNING: C:\actions-runner\_work\xgboost\xgboost\src\learner.cc:738: 
Parameters: { "use_label_encoder" } are not used.

  bst.update(dtrain, iteration=i, fobj=obj)
                                                                                     [I 2025-04-27 15:51:26,164] Trial 29 finished with value: 0.6931646748804089 and parameters: {'max_depth': 3, 'learning_rate': 0.16077370038051145, 'n_estimators': 386, 'gamma': 1.4907330917694297, 'min_child_weight': 30, 'subsample': 0.877924786420055, 'colsample_bytree': 0.6751405341516334}. Best is trial 15 with value: 0.7115639801192852.
Best trial: 15. Best value: 0.711564:  97%|#########6| 29/30 [00:41<00:01,  1.74s/it]Best trial: 15. Best value: 0.711564:  97%|#########6| 29/30 [00:41<00:01,  1.74s/it]Best trial: 15. Best value: 0.711564: 100%|##########| 30/30 [00:41<00:00,  1.39s/it]Best trial: 15. Best value: 0.711564: 100%|##########| 30/30 [00:41<00:00,  1.40s/it]
